TN:
SF:client/components/ClientProviders.tsx
FN:11,(anonymous_0)
FN:14,(anonymous_1)
FNF:2
FNH:0
FNDA:0,(anonymous_0)
FNDA:0,(anonymous_1)
DA:11,0
DA:12,0
DA:14,0
DA:16,0
DA:21,0
LF:5
LH:0
BRDA:11,0,0,0
BRDA:23,1,0,0
BRDA:23,1,1,0
BRF:3
BRH:0
end_of_record
TN:
SF:client/components/LanguageSwitcher.tsx
FN:13,(anonymous_0)
FN:18,(anonymous_1)
FN:32,(anonymous_2)
FN:49,(anonymous_3)
FNF:4
FNH:0
FNDA:0,(anonymous_0)
FNDA:0,(anonymous_1)
FNDA:0,(anonymous_2)
FNDA:0,(anonymous_3)
DA:6,0
DA:13,0
DA:14,0
DA:15,0
DA:16,0
DA:18,0
DA:19,0
DA:21,0
DA:22,0
DA:26,0
DA:32,0
DA:33,0
DA:34,0
DA:35,0
DA:39,0
DA:50,0
LF:16
LH:0
BRDA:13,0,0,0
BRDA:21,1,0,0
BRDA:21,1,1,0
BRDA:21,2,0,0
BRDA:21,2,1,0
BRDA:33,3,0,0
BRDA:33,3,1,0
BRDA:33,4,0,0
BRDA:33,4,1,0
BRF:9
BRH:0
end_of_record
TN:
SF:client/components/SSRSafeAntdProvider.tsx
FN:8,(anonymous_0)
FNF:1
FNH:0
FNDA:0,(anonymous_0)
DA:8,0
DA:10,0
LF:2
LH:0
BRF:0
BRH:0
end_of_record
TN:
SF:client/components/ShopProductCard.tsx
FN:29,(anonymous_0)
FN:78,(anonymous_1)
FN:81,(anonymous_2)
FN:178,(anonymous_3)
FNF:4
FNH:0
FNDA:0,(anonymous_0)
FNDA:0,(anonymous_1)
FNDA:0,(anonymous_2)
FNDA:0,(anonymous_3)
DA:6,0
DA:7,0
DA:29,0
DA:34,0
DA:36,0
DA:37,0
DA:39,0
DA:43,0
DA:45,0
DA:79,0
DA:82,0
DA:180,0
LF:12
LH:0
BRDA:31,0,0,0
BRDA:32,1,0,0
BRDA:36,2,0,0
BRDA:36,2,1,0
BRDA:36,3,0,0
BRDA:36,3,1,0
BRDA:37,4,0,0
BRDA:37,4,1,0
BRDA:37,5,0,0
BRDA:37,5,1,0
BRDA:39,6,0,0
BRDA:39,6,1,0
BRDA:49,7,0,0
BRDA:49,7,1,0
BRDA:57,8,0,0
BRDA:57,8,1,0
BRDA:70,9,0,0
BRDA:70,9,1,0
BRDA:87,10,0,0
BRDA:87,10,1,0
BRDA:114,11,0,0
BRDA:114,11,1,0
BRDA:127,12,0,0
BRDA:127,12,1,0
BRDA:128,13,0,0
BRDA:128,13,1,0
BRDA:133,14,0,0
BRDA:133,14,1,0
BRDA:139,15,0,0
BRDA:139,15,1,0
BRDA:159,16,0,0
BRDA:159,16,1,0
BRDA:161,17,0,0
BRDA:161,17,1,0
BRDA:171,18,0,0
BRDA:171,18,1,0
BRDA:171,18,2,0
BRDA:177,19,0,0
BRDA:177,19,1,0
BRDA:183,20,0,0
BRDA:183,20,1,0
BRDA:184,21,0,0
BRDA:184,21,1,0
BRDA:192,22,0,0
BRDA:192,22,1,0
BRDA:192,22,2,0
BRDA:197,23,0,0
BRDA:197,23,1,0
BRF:48
BRH:0
end_of_record
TN:
SF:client/components/SuppressHydrationWarnings.tsx
FN:4,(anonymous_0)
FN:9,(anonymous_1)
FN:21,(anonymous_2)
FN:34,(anonymous_3)
FN:45,(anonymous_4)
FN:46,(anonymous_5)
FNF:6
FNH:0
FNDA:0,(anonymous_0)
FNDA:0,(anonymous_1)
FNDA:0,(anonymous_2)
FNDA:0,(anonymous_3)
FNDA:0,(anonymous_4)
FNDA:0,(anonymous_5)
DA:4,0
DA:5,0
DA:6,0
DA:7,0
DA:9,0
DA:10,0
DA:11,0
DA:16,0
DA:18,0
DA:21,0
DA:22,0
DA:23,0
DA:28,0
DA:30,0
DA:34,0
DA:35,0
DA:36,0
DA:39,0
DA:43,0
DA:45,0
DA:46,0
DA:48,0
DA:49,0
DA:52,0
LF:24
LH:0
BRDA:5,0,0,0
BRDA:5,0,1,0
BRDA:5,1,0,0
BRDA:5,1,1,0
BRDA:11,2,0,0
BRDA:11,2,1,0
BRDA:12,3,0,0
BRDA:12,3,1,0
BRDA:12,3,2,0
BRDA:23,4,0,0
BRDA:23,4,1,0
BRDA:24,5,0,0
BRDA:24,5,1,0
BRDA:24,5,2,0
BRF:14
BRH:0
end_of_record
TN:
SF:client/layout/index.tsx
FN:36,(anonymous_0)
FN:47,(anonymous_1)
FN:70,(anonymous_2)
FN:74,(anonymous_3)
FN:103,(anonymous_4)
FN:113,(anonymous_5)
FN:121,(anonymous_6)
FN:129,(anonymous_7)
FN:133,(anonymous_8)
FN:144,(anonymous_9)
FN:153,(anonymous_10)
FN:160,(anonymous_11)
FN:180,(anonymous_12)
FN:187,(anonymous_13)
FN:209,(anonymous_14)
FN:224,(anonymous_15)
FN:282,(anonymous_16)
FN:300,(anonymous_17)
FN:317,(anonymous_18)
FN:322,(anonymous_19)
FNF:20
FNH:0
FNDA:0,(anonymous_0)
FNDA:0,(anonymous_1)
FNDA:0,(anonymous_2)
FNDA:0,(anonymous_3)
FNDA:0,(anonymous_4)
FNDA:0,(anonymous_5)
FNDA:0,(anonymous_6)
FNDA:0,(anonymous_7)
FNDA:0,(anonymous_8)
FNDA:0,(anonymous_9)
FNDA:0,(anonymous_10)
FNDA:0,(anonymous_11)
FNDA:0,(anonymous_12)
FNDA:0,(anonymous_13)
FNDA:0,(anonymous_14)
FNDA:0,(anonymous_15)
FNDA:0,(anonymous_16)
FNDA:0,(anonymous_17)
FNDA:0,(anonymous_18)
FNDA:0,(anonymous_19)
DA:36,0
DA:37,0
DA:38,0
DA:39,0
DA:44,0
DA:47,0
DA:48,0
DA:53,0
DA:54,0
DA:56,0
DA:57,0
DA:58,0
DA:60,0
DA:61,0
DA:62,0
DA:63,0
DA:65,0
DA:66,0
DA:67,0
DA:70,0
DA:71,0
DA:73,0
DA:74,0
DA:75,0
DA:77,0
DA:78,0
DA:79,0
DA:81,0
DA:83,0
DA:85,0
DA:87,0
DA:90,0
DA:91,0
DA:92,0
DA:95,0
DA:100,0
DA:103,0
DA:104,0
DA:105,0
DA:106,0
DA:107,0
DA:109,0
DA:113,0
DA:114,0
DA:115,0
DA:116,0
DA:117,0
DA:118,0
DA:119,0
DA:121,0
DA:122,0
DA:126,0
DA:129,0
DA:130,0
DA:133,0
DA:134,0
DA:137,0
DA:138,0
DA:141,0
DA:144,0
DA:145,0
DA:146,0
DA:147,0
DA:150,0
DA:151,0
DA:153,0
DA:154,0
DA:156,0
DA:157,0
DA:161,0
DA:162,0
DA:163,0
DA:165,0
DA:166,0
DA:168,0
DA:174,0
DA:177,0
DA:178,0
DA:180,0
DA:181,0
DA:183,0
DA:184,0
DA:188,0
DA:189,0
DA:191,0
DA:192,0
DA:194,0
DA:195,0
DA:200,0
DA:204,0
DA:205,0
DA:210,0
DA:211,0
DA:216,0
DA:219,0
DA:220,0
DA:225,0
DA:226,0
DA:227,0
DA:228,0
DA:233,0
DA:238,0
DA:282,0
DA:300,0
DA:318,0
DA:320,0
DA:321,0
DA:322,0
DA:323,0
DA:324,0
DA:325,0
DA:326,0
DA:327,0
DA:329,0
DA:331,0
DA:333,0
DA:334,0
DA:337,0
LF:118
LH:0
BRDA:38,0,0,0
BRDA:38,0,1,0
BRDA:38,1,0,0
BRDA:38,1,1,0
BRDA:53,2,0,0
BRDA:53,2,1,0
BRDA:57,3,0,0
BRDA:57,3,1,0
BRDA:60,4,0,0
BRDA:60,4,1,0
BRDA:66,5,0,0
BRDA:66,5,1,0
BRDA:66,6,0,0
BRDA:66,6,1,0
BRDA:73,7,0,0
BRDA:73,7,1,0
BRDA:77,8,0,0
BRDA:77,8,1,0
BRDA:81,9,0,0
BRDA:81,9,1,0
BRDA:83,10,0,0
BRDA:83,10,1,0
BRDA:90,11,0,0
BRDA:90,11,1,0
BRDA:90,12,0,0
BRDA:90,12,1,0
BRDA:104,13,0,0
BRDA:104,13,1,0
BRDA:104,14,0,0
BRDA:104,14,1,0
BRDA:104,14,2,0
BRDA:106,15,0,0
BRDA:106,15,1,0
BRDA:106,16,0,0
BRDA:106,16,1,0
BRDA:130,17,0,0
BRDA:130,17,1,0
BRDA:130,18,0,0
BRDA:130,18,1,0
BRDA:156,19,0,0
BRDA:156,19,1,0
BRDA:156,20,0,0
BRDA:156,20,1,0
BRDA:156,20,2,0
BRDA:161,21,0,0
BRDA:161,21,1,0
BRDA:165,22,0,0
BRDA:165,22,1,0
BRDA:177,23,0,0
BRDA:177,23,1,0
BRDA:183,24,0,0
BRDA:183,24,1,0
BRDA:183,25,0,0
BRDA:183,25,1,0
BRDA:183,25,2,0
BRDA:188,26,0,0
BRDA:188,26,1,0
BRDA:194,27,0,0
BRDA:194,27,1,0
BRDA:195,28,0,0
BRDA:195,28,1,0
BRDA:204,29,0,0
BRDA:204,29,1,0
BRDA:204,30,0,0
BRDA:204,30,1,0
BRDA:204,30,2,0
BRDA:219,31,0,0
BRDA:219,31,1,0
BRDA:219,32,0,0
BRDA:219,32,1,0
BRDA:219,32,2,0
BRDA:225,33,0,0
BRDA:225,33,1,0
BRDA:288,34,0,0
BRDA:288,34,1,0
BRDA:320,35,0,0
BRDA:320,35,1,0
BRDA:324,36,0,0
BRDA:324,36,1,0
BRDA:333,37,0,0
BRDA:333,37,1,0
BRDA:333,38,0,0
BRDA:333,38,1,0
BRF:83
BRH:0
end_of_record
TN:
SF:client/layout/shop-layout.tsx
FN:24,(anonymous_0)
FN:35,(anonymous_1)
FN:36,(anonymous_2)
FN:41,(anonymous_3)
FN:54,(anonymous_4)
FN:59,(anonymous_5)
FN:64,(anonymous_6)
FN:71,(anonymous_7)
FN:77,(anonymous_8)
FN:83,(anonymous_9)
FN:90,(anonymous_10)
FN:98,(anonymous_11)
FN:208,(anonymous_12)
FNF:13
FNH:0
FNDA:0,(anonymous_0)
FNDA:0,(anonymous_1)
FNDA:0,(anonymous_2)
FNDA:0,(anonymous_3)
FNDA:0,(anonymous_4)
FNDA:0,(anonymous_5)
FNDA:0,(anonymous_6)
FNDA:0,(anonymous_7)
FNDA:0,(anonymous_8)
FNDA:0,(anonymous_9)
FNDA:0,(anonymous_10)
FNDA:0,(anonymous_11)
FNDA:0,(anonymous_12)
DA:16,0
DA:17,0
DA:18,0
DA:24,0
DA:25,0
DA:26,0
DA:29,0
DA:30,0
DA:31,0
DA:32,0
DA:35,0
DA:36,0
DA:37,0
DA:38,0
DA:39,0
DA:40,0
DA:41,0
DA:44,0
DA:46,0
DA:50,0
DA:51,0
DA:54,0
DA:55,0
DA:59,0
DA:60,0
DA:64,0
DA:65,0
DA:66,0
DA:67,0
DA:69,0
DA:70,0
DA:71,0
DA:77,0
DA:78,0
DA:79,0
DA:81,0
DA:82,0
DA:83,0
DA:87,0
DA:88,0
DA:90,0
DA:91,0
DA:92,0
DA:93,0
DA:94,0
DA:98,0
DA:99,0
DA:100,0
DA:104,0
DA:139,0
DA:160,0
DA:208,0
LF:52
LH:0
BRDA:39,0,0,0
BRDA:39,0,1,0
BRDA:65,1,0,0
BRDA:65,1,1,0
BRDA:65,2,0,0
BRDA:65,2,1,0
BRDA:69,3,0,0
BRDA:69,3,1,0
BRDA:81,4,0,0
BRDA:81,4,1,0
BRDA:99,5,0,0
BRDA:99,5,1,0
BRDA:163,6,0,0
BRDA:163,6,1,0
BRDA:225,7,0,0
BRDA:225,7,1,0
BRDA:226,8,0,0
BRDA:226,8,1,0
BRDA:263,9,0,0
BRDA:263,9,1,0
BRF:20
BRH:0
end_of_record
TN:
SF:client/redux/reducers.ts
FNF:0
FNH:0
LF:0
LH:0
BRF:0
BRH:0
end_of_record
TN:
SF:client/redux/store.ts
FN:10,(anonymous_0)
FN:22,(anonymous_1)
FN:33,(anonymous_2)
FN:41,initStore
FN:46,(anonymous_4)
FN:55,(anonymous_5)
FN:73,useStore
FN:74,(anonymous_7)
FNF:8
FNH:0
FNDA:0,(anonymous_0)
FNDA:0,(anonymous_1)
FNDA:0,(anonymous_2)
FNDA:0,initStore
FNDA:0,(anonymous_4)
FNDA:0,(anonymous_5)
FNDA:0,useStore
FNDA:0,(anonymous_7)
DA:8,0
DA:10,0
DA:12,0
DA:13,0
DA:20,0
DA:23,0
DA:33,0
DA:34,0
DA:35,0
DA:37,0
DA:42,0
DA:47,0
DA:55,0
DA:56,0
DA:58,0
DA:59,0
DA:63,0
DA:66,0
DA:68,0
DA:70,0
DA:74,0
DA:75,0
LF:22
LH:0
BRDA:12,0,0,0
BRDA:12,0,1,0
BRDA:35,1,0,0
BRDA:35,1,1,0
BRDA:35,1,2,0
BRDA:56,2,0,0
BRDA:56,2,1,0
BRDA:58,3,0,0
BRDA:58,3,1,0
BRDA:58,4,0,0
BRDA:58,4,1,0
BRDA:66,5,0,0
BRDA:66,5,1,0
BRDA:68,6,0,0
BRDA:68,6,1,0
BRF:15
BRH:0
end_of_record
TN:
SF:client/redux/address/manage/actions.ts
FN:13,(anonymous_0)
FN:14,(anonymous_1)
FN:20,(anonymous_2)
FN:29,(anonymous_3)
FN:37,(anonymous_4)
FN:38,(anonymous_5)
FN:44,(anonymous_6)
FN:53,(anonymous_7)
FN:60,(anonymous_8)
FN:60,(anonymous_9)
FN:69,(anonymous_10)
FN:69,(anonymous_11)
FN:75,(anonymous_12)
FN:88,(anonymous_13)
FN:95,(anonymous_14)
FN:95,(anonymous_15)
FN:101,(anonymous_16)
FN:113,(anonymous_17)
FN:120,(anonymous_18)
FN:120,(anonymous_19)
FN:126,(anonymous_20)
FN:134,(anonymous_21)
FN:141,(anonymous_22)
FN:141,(anonymous_23)
FN:147,(anonymous_24)
FN:155,(anonymous_25)
FNF:26
FNH:0
FNDA:0,(anonymous_0)
FNDA:0,(anonymous_1)
FNDA:0,(anonymous_2)
FNDA:0,(anonymous_3)
FNDA:0,(anonymous_4)
FNDA:0,(anonymous_5)
FNDA:0,(anonymous_6)
FNDA:0,(anonymous_7)
FNDA:0,(anonymous_8)
FNDA:0,(anonymous_9)
FNDA:0,(anonymous_10)
FNDA:0,(anonymous_11)
FNDA:0,(anonymous_12)
FNDA:0,(anonymous_13)
FNDA:0,(anonymous_14)
FNDA:0,(anonymous_15)
FNDA:0,(anonymous_16)
FNDA:0,(anonymous_17)
FNDA:0,(anonymous_18)
FNDA:0,(anonymous_19)
FNDA:0,(anonymous_20)
FNDA:0,(anonymous_21)
FNDA:0,(anonymous_22)
FNDA:0,(anonymous_23)
FNDA:0,(anonymous_24)
FNDA:0,(anonymous_25)
DA:13,0
DA:14,0
DA:15,0
DA:19,0
DA:21,0
DA:22,0
DA:30,0
DA:37,0
DA:38,0
DA:39,0
DA:43,0
DA:45,0
DA:46,0
DA:54,0
DA:60,0
DA:61,0
DA:69,0
DA:70,0
DA:74,0
DA:76,0
DA:77,0
DA:81,0
DA:89,0
DA:95,0
DA:96,0
DA:100,0
DA:102,0
DA:106,0
DA:114,0
DA:120,0
DA:121,0
DA:125,0
DA:127,0
DA:135,0
DA:141,0
DA:142,0
DA:146,0
DA:148,0
DA:156,0
LF:39
LH:0
BRDA:13,0,0,0
BRDA:13,1,0,0
BRDA:37,2,0,0
BRDA:37,3,0,0
BRF:4
BRH:0
end_of_record
TN:
SF:client/redux/address/manage/reducers.ts
FN:12,(anonymous_0)
FN:50,(anonymous_1)
FN:68,(anonymous_2)
FN:85,(anonymous_3)
FN:90,(anonymous_4)
FNF:5
FNH:0
FNDA:0,(anonymous_0)
FNDA:0,(anonymous_1)
FNDA:0,(anonymous_2)
FNDA:0,(anonymous_3)
FNDA:0,(anonymous_4)
DA:4,0
DA:12,0
DA:13,0
DA:14,0
DA:15,0
DA:17,0
DA:19,0
DA:25,0
DA:31,0
DA:37,0
DA:38,0
DA:39,0
DA:48,0
DA:50,0
DA:51,0
DA:52,0
DA:54,0
DA:57,0
DA:66,0
DA:68,0
DA:69,0
DA:70,0
DA:74,0
DA:83,0
DA:84,0
DA:85,0
DA:88,0
DA:90,0
DA:92,0
DA:93,0
DA:95,0
DA:104,0
LF:32
LH:0
BRDA:12,0,0,0
BRDA:13,1,0,0
BRDA:13,1,1,0
BRDA:17,2,0,0
BRDA:17,2,1,0
BRDA:17,2,2,0
BRDA:17,2,3,0
BRDA:17,2,4,0
BRDA:17,2,5,0
BRDA:17,2,6,0
BRDA:17,2,7,0
BRDA:51,3,0,0
BRDA:51,3,1,0
BRDA:69,4,0,0
BRDA:69,4,1,0
BRDA:93,5,0,0
BRDA:93,5,1,0
BRF:17
BRH:0
end_of_record
TN:
SF:client/redux/address/manage/types.ts
FNF:0
FNH:0
DA:1,0
DA:2,0
DA:3,0
DA:5,0
DA:6,0
DA:7,0
DA:9,0
DA:10,0
DA:11,0
DA:13,0
DA:14,0
DA:15,0
DA:17,0
DA:19,0
DA:20,0
DA:21,0
DA:23,0
DA:24,0
DA:25,0
LF:19
LH:0
BRF:0
BRH:0
end_of_record
TN:
SF:client/redux/banner/manage/actions.ts
FN:13,(anonymous_0)
FN:14,(anonymous_1)
FN:20,(anonymous_2)
FN:29,(anonymous_3)
FN:37,(anonymous_4)
FN:38,(anonymous_5)
FN:44,(anonymous_6)
FN:53,(anonymous_7)
FN:60,(anonymous_8)
FN:60,(anonymous_9)
FN:69,(anonymous_10)
FN:69,(anonymous_11)
FN:75,(anonymous_12)
FN:88,(anonymous_13)
FN:95,(anonymous_14)
FN:95,(anonymous_15)
FN:101,(anonymous_16)
FN:113,(anonymous_17)
FN:120,(anonymous_18)
FN:120,(anonymous_19)
FN:126,(anonymous_20)
FN:134,(anonymous_21)
FN:141,(anonymous_22)
FN:141,(anonymous_23)
FN:147,(anonymous_24)
FN:155,(anonymous_25)
FNF:26
FNH:0
FNDA:0,(anonymous_0)
FNDA:0,(anonymous_1)
FNDA:0,(anonymous_2)
FNDA:0,(anonymous_3)
FNDA:0,(anonymous_4)
FNDA:0,(anonymous_5)
FNDA:0,(anonymous_6)
FNDA:0,(anonymous_7)
FNDA:0,(anonymous_8)
FNDA:0,(anonymous_9)
FNDA:0,(anonymous_10)
FNDA:0,(anonymous_11)
FNDA:0,(anonymous_12)
FNDA:0,(anonymous_13)
FNDA:0,(anonymous_14)
FNDA:0,(anonymous_15)
FNDA:0,(anonymous_16)
FNDA:0,(anonymous_17)
FNDA:0,(anonymous_18)
FNDA:0,(anonymous_19)
FNDA:0,(anonymous_20)
FNDA:0,(anonymous_21)
FNDA:0,(anonymous_22)
FNDA:0,(anonymous_23)
FNDA:0,(anonymous_24)
FNDA:0,(anonymous_25)
DA:13,0
DA:14,0
DA:15,0
DA:19,0
DA:21,0
DA:22,0
DA:30,0
DA:37,0
DA:38,0
DA:39,0
DA:43,0
DA:45,0
DA:46,0
DA:54,0
DA:60,0
DA:61,0
DA:69,0
DA:70,0
DA:74,0
DA:76,0
DA:77,0
DA:81,0
DA:89,0
DA:95,0
DA:96,0
DA:100,0
DA:102,0
DA:106,0
DA:114,0
DA:120,0
DA:121,0
DA:125,0
DA:127,0
DA:135,0
DA:141,0
DA:142,0
DA:146,0
DA:148,0
DA:156,0
LF:39
LH:0
BRDA:13,0,0,0
BRDA:13,1,0,0
BRDA:37,2,0,0
BRDA:37,3,0,0
BRF:4
BRH:0
end_of_record
TN:
SF:client/redux/banner/manage/reducers.ts
FN:12,(anonymous_0)
FN:50,(anonymous_1)
FN:68,(anonymous_2)
FN:85,(anonymous_3)
FN:90,(anonymous_4)
FNF:5
FNH:0
FNDA:0,(anonymous_0)
FNDA:0,(anonymous_1)
FNDA:0,(anonymous_2)
FNDA:0,(anonymous_3)
FNDA:0,(anonymous_4)
DA:4,0
DA:12,0
DA:13,0
DA:14,0
DA:15,0
DA:17,0
DA:19,0
DA:25,0
DA:31,0
DA:37,0
DA:38,0
DA:39,0
DA:48,0
DA:50,0
DA:51,0
DA:52,0
DA:54,0
DA:57,0
DA:66,0
DA:68,0
DA:69,0
DA:70,0
DA:74,0
DA:83,0
DA:84,0
DA:85,0
DA:88,0
DA:90,0
DA:92,0
DA:93,0
DA:95,0
DA:104,0
LF:32
LH:0
BRDA:12,0,0,0
BRDA:13,1,0,0
BRDA:13,1,1,0
BRDA:17,2,0,0
BRDA:17,2,1,0
BRDA:17,2,2,0
BRDA:17,2,3,0
BRDA:17,2,4,0
BRDA:17,2,5,0
BRDA:17,2,6,0
BRDA:17,2,7,0
BRDA:51,3,0,0
BRDA:51,3,1,0
BRDA:69,4,0,0
BRDA:69,4,1,0
BRDA:93,5,0,0
BRDA:93,5,1,0
BRF:17
BRH:0
end_of_record
TN:
SF:client/redux/banner/manage/types.ts
FNF:0
FNH:0
DA:1,0
DA:2,0
DA:3,0
DA:5,0
DA:6,0
DA:7,0
DA:9,0
DA:10,0
DA:11,0
DA:13,0
DA:14,0
DA:15,0
DA:17,0
DA:19,0
DA:20,0
DA:21,0
DA:23,0
DA:24,0
DA:25,0
LF:19
LH:0
BRF:0
BRH:0
end_of_record
TN:
SF:client/redux/cart/manage/actions.ts
FN:13,(anonymous_0)
FN:14,(anonymous_1)
FN:20,(anonymous_2)
FN:29,(anonymous_3)
FN:37,(anonymous_4)
FN:38,(anonymous_5)
FN:44,(anonymous_6)
FN:53,(anonymous_7)
FN:60,(anonymous_8)
FN:60,(anonymous_9)
FN:69,(anonymous_10)
FN:69,(anonymous_11)
FN:75,(anonymous_12)
FN:88,(anonymous_13)
FN:95,(anonymous_14)
FN:95,(anonymous_15)
FN:101,(anonymous_16)
FN:113,(anonymous_17)
FN:120,(anonymous_18)
FN:120,(anonymous_19)
FN:126,(anonymous_20)
FN:134,(anonymous_21)
FN:141,(anonymous_22)
FN:141,(anonymous_23)
FN:147,(anonymous_24)
FN:155,(anonymous_25)
FNF:26
FNH:0
FNDA:0,(anonymous_0)
FNDA:0,(anonymous_1)
FNDA:0,(anonymous_2)
FNDA:0,(anonymous_3)
FNDA:0,(anonymous_4)
FNDA:0,(anonymous_5)
FNDA:0,(anonymous_6)
FNDA:0,(anonymous_7)
FNDA:0,(anonymous_8)
FNDA:0,(anonymous_9)
FNDA:0,(anonymous_10)
FNDA:0,(anonymous_11)
FNDA:0,(anonymous_12)
FNDA:0,(anonymous_13)
FNDA:0,(anonymous_14)
FNDA:0,(anonymous_15)
FNDA:0,(anonymous_16)
FNDA:0,(anonymous_17)
FNDA:0,(anonymous_18)
FNDA:0,(anonymous_19)
FNDA:0,(anonymous_20)
FNDA:0,(anonymous_21)
FNDA:0,(anonymous_22)
FNDA:0,(anonymous_23)
FNDA:0,(anonymous_24)
FNDA:0,(anonymous_25)
DA:13,0
DA:14,0
DA:15,0
DA:19,0
DA:21,0
DA:22,0
DA:30,0
DA:37,0
DA:38,0
DA:39,0
DA:43,0
DA:45,0
DA:46,0
DA:54,0
DA:60,0
DA:61,0
DA:69,0
DA:70,0
DA:74,0
DA:76,0
DA:77,0
DA:81,0
DA:89,0
DA:95,0
DA:96,0
DA:100,0
DA:102,0
DA:106,0
DA:114,0
DA:120,0
DA:121,0
DA:125,0
DA:127,0
DA:135,0
DA:141,0
DA:142,0
DA:146,0
DA:148,0
DA:156,0
LF:39
LH:0
BRDA:13,0,0,0
BRDA:13,1,0,0
BRDA:37,2,0,0
BRDA:37,3,0,0
BRF:4
BRH:0
end_of_record
TN:
SF:client/redux/cart/manage/reducers.ts
FN:12,(anonymous_0)
FN:50,(anonymous_1)
FN:68,(anonymous_2)
FN:85,(anonymous_3)
FN:90,(anonymous_4)
FNF:5
FNH:0
FNDA:0,(anonymous_0)
FNDA:0,(anonymous_1)
FNDA:0,(anonymous_2)
FNDA:0,(anonymous_3)
FNDA:0,(anonymous_4)
DA:4,0
DA:12,0
DA:13,0
DA:14,0
DA:15,0
DA:17,0
DA:19,0
DA:25,0
DA:31,0
DA:37,0
DA:38,0
DA:39,0
DA:48,0
DA:50,0
DA:51,0
DA:52,0
DA:54,0
DA:57,0
DA:66,0
DA:68,0
DA:69,0
DA:70,0
DA:74,0
DA:83,0
DA:84,0
DA:85,0
DA:88,0
DA:90,0
DA:92,0
DA:93,0
DA:95,0
DA:104,0
LF:32
LH:0
BRDA:12,0,0,0
BRDA:13,1,0,0
BRDA:13,1,1,0
BRDA:17,2,0,0
BRDA:17,2,1,0
BRDA:17,2,2,0
BRDA:17,2,3,0
BRDA:17,2,4,0
BRDA:17,2,5,0
BRDA:17,2,6,0
BRDA:17,2,7,0
BRDA:51,3,0,0
BRDA:51,3,1,0
BRDA:69,4,0,0
BRDA:69,4,1,0
BRDA:93,5,0,0
BRDA:93,5,1,0
BRF:17
BRH:0
end_of_record
TN:
SF:client/redux/cart/manage/types.ts
FNF:0
FNH:0
DA:1,0
DA:2,0
DA:3,0
DA:5,0
DA:6,0
DA:7,0
DA:9,0
DA:10,0
DA:11,0
DA:13,0
DA:14,0
DA:15,0
DA:17,0
DA:19,0
DA:20,0
DA:21,0
DA:23,0
DA:24,0
DA:25,0
LF:19
LH:0
BRF:0
BRH:0
end_of_record
TN:
SF:client/redux/category/manage/actions.ts
FN:13,(anonymous_0)
FN:14,(anonymous_1)
FN:20,(anonymous_2)
FN:29,(anonymous_3)
FN:37,(anonymous_4)
FN:38,(anonymous_5)
FN:44,(anonymous_6)
FN:53,(anonymous_7)
FN:60,(anonymous_8)
FN:60,(anonymous_9)
FN:69,(anonymous_10)
FN:69,(anonymous_11)
FN:75,(anonymous_12)
FN:88,(anonymous_13)
FN:95,(anonymous_14)
FN:95,(anonymous_15)
FN:101,(anonymous_16)
FN:113,(anonymous_17)
FN:120,(anonymous_18)
FN:120,(anonymous_19)
FN:126,(anonymous_20)
FN:134,(anonymous_21)
FN:141,(anonymous_22)
FN:141,(anonymous_23)
FN:147,(anonymous_24)
FN:155,(anonymous_25)
FNF:26
FNH:0
FNDA:0,(anonymous_0)
FNDA:0,(anonymous_1)
FNDA:0,(anonymous_2)
FNDA:0,(anonymous_3)
FNDA:0,(anonymous_4)
FNDA:0,(anonymous_5)
FNDA:0,(anonymous_6)
FNDA:0,(anonymous_7)
FNDA:0,(anonymous_8)
FNDA:0,(anonymous_9)
FNDA:0,(anonymous_10)
FNDA:0,(anonymous_11)
FNDA:0,(anonymous_12)
FNDA:0,(anonymous_13)
FNDA:0,(anonymous_14)
FNDA:0,(anonymous_15)
FNDA:0,(anonymous_16)
FNDA:0,(anonymous_17)
FNDA:0,(anonymous_18)
FNDA:0,(anonymous_19)
FNDA:0,(anonymous_20)
FNDA:0,(anonymous_21)
FNDA:0,(anonymous_22)
FNDA:0,(anonymous_23)
FNDA:0,(anonymous_24)
FNDA:0,(anonymous_25)
DA:13,0
DA:14,0
DA:15,0
DA:19,0
DA:21,0
DA:22,0
DA:30,0
DA:37,0
DA:38,0
DA:39,0
DA:43,0
DA:45,0
DA:46,0
DA:54,0
DA:60,0
DA:61,0
DA:69,0
DA:70,0
DA:74,0
DA:76,0
DA:77,0
DA:81,0
DA:89,0
DA:95,0
DA:96,0
DA:100,0
DA:102,0
DA:106,0
DA:114,0
DA:120,0
DA:121,0
DA:125,0
DA:127,0
DA:135,0
DA:141,0
DA:142,0
DA:146,0
DA:148,0
DA:156,0
LF:39
LH:0
BRDA:13,0,0,0
BRDA:13,1,0,0
BRDA:37,2,0,0
BRDA:37,3,0,0
BRF:4
BRH:0
end_of_record
TN:
SF:client/redux/category/manage/reducers.ts
FN:12,(anonymous_0)
FN:50,(anonymous_1)
FN:68,(anonymous_2)
FN:85,(anonymous_3)
FN:90,(anonymous_4)
FNF:5
FNH:0
FNDA:0,(anonymous_0)
FNDA:0,(anonymous_1)
FNDA:0,(anonymous_2)
FNDA:0,(anonymous_3)
FNDA:0,(anonymous_4)
DA:4,0
DA:12,0
DA:13,0
DA:14,0
DA:15,0
DA:17,0
DA:19,0
DA:25,0
DA:31,0
DA:37,0
DA:38,0
DA:39,0
DA:48,0
DA:50,0
DA:51,0
DA:52,0
DA:54,0
DA:57,0
DA:66,0
DA:68,0
DA:69,0
DA:70,0
DA:74,0
DA:83,0
DA:84,0
DA:85,0
DA:88,0
DA:90,0
DA:92,0
DA:93,0
DA:95,0
DA:104,0
LF:32
LH:0
BRDA:12,0,0,0
BRDA:13,1,0,0
BRDA:13,1,1,0
BRDA:17,2,0,0
BRDA:17,2,1,0
BRDA:17,2,2,0
BRDA:17,2,3,0
BRDA:17,2,4,0
BRDA:17,2,5,0
BRDA:17,2,6,0
BRDA:17,2,7,0
BRDA:51,3,0,0
BRDA:51,3,1,0
BRDA:69,4,0,0
BRDA:69,4,1,0
BRDA:93,5,0,0
BRDA:93,5,1,0
BRF:17
BRH:0
end_of_record
TN:
SF:client/redux/category/manage/types.ts
FNF:0
FNH:0
DA:1,0
DA:2,0
DA:3,0
DA:5,0
DA:6,0
DA:7,0
DA:9,0
DA:10,0
DA:11,0
DA:13,0
DA:14,0
DA:15,0
DA:17,0
DA:19,0
DA:20,0
DA:21,0
DA:23,0
DA:24,0
DA:25,0
LF:19
LH:0
BRF:0
BRH:0
end_of_record
TN:
SF:client/redux/order/manage/actions.ts
FN:13,(anonymous_0)
FN:14,(anonymous_1)
FN:20,(anonymous_2)
FN:29,(anonymous_3)
FN:37,(anonymous_4)
FN:38,(anonymous_5)
FN:44,(anonymous_6)
FN:53,(anonymous_7)
FN:60,(anonymous_8)
FN:60,(anonymous_9)
FN:69,(anonymous_10)
FN:69,(anonymous_11)
FN:75,(anonymous_12)
FN:88,(anonymous_13)
FN:95,(anonymous_14)
FN:95,(anonymous_15)
FN:101,(anonymous_16)
FN:113,(anonymous_17)
FN:120,(anonymous_18)
FN:120,(anonymous_19)
FN:126,(anonymous_20)
FN:134,(anonymous_21)
FN:141,(anonymous_22)
FN:141,(anonymous_23)
FN:147,(anonymous_24)
FN:155,(anonymous_25)
FNF:26
FNH:0
FNDA:0,(anonymous_0)
FNDA:0,(anonymous_1)
FNDA:0,(anonymous_2)
FNDA:0,(anonymous_3)
FNDA:0,(anonymous_4)
FNDA:0,(anonymous_5)
FNDA:0,(anonymous_6)
FNDA:0,(anonymous_7)
FNDA:0,(anonymous_8)
FNDA:0,(anonymous_9)
FNDA:0,(anonymous_10)
FNDA:0,(anonymous_11)
FNDA:0,(anonymous_12)
FNDA:0,(anonymous_13)
FNDA:0,(anonymous_14)
FNDA:0,(anonymous_15)
FNDA:0,(anonymous_16)
FNDA:0,(anonymous_17)
FNDA:0,(anonymous_18)
FNDA:0,(anonymous_19)
FNDA:0,(anonymous_20)
FNDA:0,(anonymous_21)
FNDA:0,(anonymous_22)
FNDA:0,(anonymous_23)
FNDA:0,(anonymous_24)
FNDA:0,(anonymous_25)
DA:13,0
DA:14,0
DA:15,0
DA:19,0
DA:21,0
DA:22,0
DA:30,0
DA:37,0
DA:38,0
DA:39,0
DA:43,0
DA:45,0
DA:46,0
DA:54,0
DA:60,0
DA:61,0
DA:69,0
DA:70,0
DA:74,0
DA:76,0
DA:77,0
DA:81,0
DA:89,0
DA:95,0
DA:96,0
DA:100,0
DA:102,0
DA:106,0
DA:114,0
DA:120,0
DA:121,0
DA:125,0
DA:127,0
DA:135,0
DA:141,0
DA:142,0
DA:146,0
DA:148,0
DA:156,0
LF:39
LH:0
BRDA:13,0,0,0
BRDA:13,1,0,0
BRDA:37,2,0,0
BRDA:37,3,0,0
BRF:4
BRH:0
end_of_record
TN:
SF:client/redux/order/manage/reducers.ts
FN:12,(anonymous_0)
FN:50,(anonymous_1)
FN:68,(anonymous_2)
FN:85,(anonymous_3)
FN:90,(anonymous_4)
FNF:5
FNH:0
FNDA:0,(anonymous_0)
FNDA:0,(anonymous_1)
FNDA:0,(anonymous_2)
FNDA:0,(anonymous_3)
FNDA:0,(anonymous_4)
DA:4,0
DA:12,0
DA:13,0
DA:14,0
DA:15,0
DA:17,0
DA:19,0
DA:25,0
DA:31,0
DA:37,0
DA:38,0
DA:39,0
DA:48,0
DA:50,0
DA:51,0
DA:52,0
DA:54,0
DA:57,0
DA:66,0
DA:68,0
DA:69,0
DA:70,0
DA:74,0
DA:83,0
DA:84,0
DA:85,0
DA:88,0
DA:90,0
DA:92,0
DA:93,0
DA:95,0
DA:104,0
LF:32
LH:0
BRDA:12,0,0,0
BRDA:13,1,0,0
BRDA:13,1,1,0
BRDA:17,2,0,0
BRDA:17,2,1,0
BRDA:17,2,2,0
BRDA:17,2,3,0
BRDA:17,2,4,0
BRDA:17,2,5,0
BRDA:17,2,6,0
BRDA:17,2,7,0
BRDA:51,3,0,0
BRDA:51,3,1,0
BRDA:69,4,0,0
BRDA:69,4,1,0
BRDA:93,5,0,0
BRDA:93,5,1,0
BRF:17
BRH:0
end_of_record
TN:
SF:client/redux/order/manage/types.ts
FNF:0
FNH:0
DA:1,0
DA:2,0
DA:3,0
DA:5,0
DA:6,0
DA:7,0
DA:9,0
DA:10,0
DA:11,0
DA:13,0
DA:14,0
DA:15,0
DA:17,0
DA:19,0
DA:20,0
DA:21,0
DA:23,0
DA:24,0
DA:25,0
LF:19
LH:0
BRF:0
BRH:0
end_of_record
TN:
SF:client/redux/order_item/manage/actions.ts
FN:13,(anonymous_0)
FN:14,(anonymous_1)
FN:20,(anonymous_2)
FN:29,(anonymous_3)
FN:37,(anonymous_4)
FN:38,(anonymous_5)
FN:44,(anonymous_6)
FN:53,(anonymous_7)
FN:60,(anonymous_8)
FN:60,(anonymous_9)
FN:69,(anonymous_10)
FN:69,(anonymous_11)
FN:75,(anonymous_12)
FN:88,(anonymous_13)
FN:95,(anonymous_14)
FN:95,(anonymous_15)
FN:101,(anonymous_16)
FN:113,(anonymous_17)
FN:120,(anonymous_18)
FN:120,(anonymous_19)
FN:126,(anonymous_20)
FN:134,(anonymous_21)
FN:141,(anonymous_22)
FN:141,(anonymous_23)
FN:147,(anonymous_24)
FN:155,(anonymous_25)
FNF:26
FNH:0
FNDA:0,(anonymous_0)
FNDA:0,(anonymous_1)
FNDA:0,(anonymous_2)
FNDA:0,(anonymous_3)
FNDA:0,(anonymous_4)
FNDA:0,(anonymous_5)
FNDA:0,(anonymous_6)
FNDA:0,(anonymous_7)
FNDA:0,(anonymous_8)
FNDA:0,(anonymous_9)
FNDA:0,(anonymous_10)
FNDA:0,(anonymous_11)
FNDA:0,(anonymous_12)
FNDA:0,(anonymous_13)
FNDA:0,(anonymous_14)
FNDA:0,(anonymous_15)
FNDA:0,(anonymous_16)
FNDA:0,(anonymous_17)
FNDA:0,(anonymous_18)
FNDA:0,(anonymous_19)
FNDA:0,(anonymous_20)
FNDA:0,(anonymous_21)
FNDA:0,(anonymous_22)
FNDA:0,(anonymous_23)
FNDA:0,(anonymous_24)
FNDA:0,(anonymous_25)
DA:13,0
DA:14,0
DA:15,0
DA:19,0
DA:21,0
DA:22,0
DA:30,0
DA:37,0
DA:38,0
DA:39,0
DA:43,0
DA:45,0
DA:46,0
DA:54,0
DA:60,0
DA:61,0
DA:69,0
DA:70,0
DA:74,0
DA:76,0
DA:77,0
DA:81,0
DA:89,0
DA:95,0
DA:96,0
DA:100,0
DA:102,0
DA:106,0
DA:114,0
DA:120,0
DA:121,0
DA:125,0
DA:127,0
DA:135,0
DA:141,0
DA:142,0
DA:146,0
DA:148,0
DA:156,0
LF:39
LH:0
BRDA:13,0,0,0
BRDA:13,1,0,0
BRDA:37,2,0,0
BRDA:37,3,0,0
BRF:4
BRH:0
end_of_record
TN:
SF:client/redux/order_item/manage/reducers.ts
FN:12,(anonymous_0)
FN:50,(anonymous_1)
FN:68,(anonymous_2)
FN:85,(anonymous_3)
FN:90,(anonymous_4)
FNF:5
FNH:0
FNDA:0,(anonymous_0)
FNDA:0,(anonymous_1)
FNDA:0,(anonymous_2)
FNDA:0,(anonymous_3)
FNDA:0,(anonymous_4)
DA:4,0
DA:12,0
DA:13,0
DA:14,0
DA:15,0
DA:17,0
DA:19,0
DA:25,0
DA:31,0
DA:37,0
DA:38,0
DA:39,0
DA:48,0
DA:50,0
DA:51,0
DA:52,0
DA:54,0
DA:57,0
DA:66,0
DA:68,0
DA:69,0
DA:70,0
DA:74,0
DA:83,0
DA:84,0
DA:85,0
DA:88,0
DA:90,0
DA:92,0
DA:93,0
DA:95,0
DA:104,0
LF:32
LH:0
BRDA:12,0,0,0
BRDA:13,1,0,0
BRDA:13,1,1,0
BRDA:17,2,0,0
BRDA:17,2,1,0
BRDA:17,2,2,0
BRDA:17,2,3,0
BRDA:17,2,4,0
BRDA:17,2,5,0
BRDA:17,2,6,0
BRDA:17,2,7,0
BRDA:51,3,0,0
BRDA:51,3,1,0
BRDA:69,4,0,0
BRDA:69,4,1,0
BRDA:93,5,0,0
BRDA:93,5,1,0
BRF:17
BRH:0
end_of_record
TN:
SF:client/redux/order_item/manage/types.ts
FNF:0
FNH:0
DA:1,0
DA:2,0
DA:3,0
DA:5,0
DA:6,0
DA:7,0
DA:9,0
DA:10,0
DA:11,0
DA:13,0
DA:14,0
DA:15,0
DA:17,0
DA:19,0
DA:20,0
DA:21,0
DA:23,0
DA:24,0
DA:25,0
LF:19
LH:0
BRF:0
BRH:0
end_of_record
TN:
SF:client/redux/payment/manage/actions.ts
FN:13,(anonymous_0)
FN:14,(anonymous_1)
FN:20,(anonymous_2)
FN:29,(anonymous_3)
FN:37,(anonymous_4)
FN:38,(anonymous_5)
FN:44,(anonymous_6)
FN:53,(anonymous_7)
FN:60,(anonymous_8)
FN:60,(anonymous_9)
FN:69,(anonymous_10)
FN:69,(anonymous_11)
FN:75,(anonymous_12)
FN:88,(anonymous_13)
FN:95,(anonymous_14)
FN:95,(anonymous_15)
FN:101,(anonymous_16)
FN:113,(anonymous_17)
FN:120,(anonymous_18)
FN:120,(anonymous_19)
FN:126,(anonymous_20)
FN:134,(anonymous_21)
FN:141,(anonymous_22)
FN:141,(anonymous_23)
FN:147,(anonymous_24)
FN:155,(anonymous_25)
FNF:26
FNH:0
FNDA:0,(anonymous_0)
FNDA:0,(anonymous_1)
FNDA:0,(anonymous_2)
FNDA:0,(anonymous_3)
FNDA:0,(anonymous_4)
FNDA:0,(anonymous_5)
FNDA:0,(anonymous_6)
FNDA:0,(anonymous_7)
FNDA:0,(anonymous_8)
FNDA:0,(anonymous_9)
FNDA:0,(anonymous_10)
FNDA:0,(anonymous_11)
FNDA:0,(anonymous_12)
FNDA:0,(anonymous_13)
FNDA:0,(anonymous_14)
FNDA:0,(anonymous_15)
FNDA:0,(anonymous_16)
FNDA:0,(anonymous_17)
FNDA:0,(anonymous_18)
FNDA:0,(anonymous_19)
FNDA:0,(anonymous_20)
FNDA:0,(anonymous_21)
FNDA:0,(anonymous_22)
FNDA:0,(anonymous_23)
FNDA:0,(anonymous_24)
FNDA:0,(anonymous_25)
DA:13,0
DA:14,0
DA:15,0
DA:19,0
DA:21,0
DA:22,0
DA:30,0
DA:37,0
DA:38,0
DA:39,0
DA:43,0
DA:45,0
DA:46,0
DA:54,0
DA:60,0
DA:61,0
DA:69,0
DA:70,0
DA:74,0
DA:76,0
DA:77,0
DA:81,0
DA:89,0
DA:95,0
DA:96,0
DA:100,0
DA:102,0
DA:106,0
DA:114,0
DA:120,0
DA:121,0
DA:125,0
DA:127,0
DA:135,0
DA:141,0
DA:142,0
DA:146,0
DA:148,0
DA:156,0
LF:39
LH:0
BRDA:13,0,0,0
BRDA:13,1,0,0
BRDA:37,2,0,0
BRDA:37,3,0,0
BRF:4
BRH:0
end_of_record
TN:
SF:client/redux/payment/manage/reducers.ts
FN:12,(anonymous_0)
FN:50,(anonymous_1)
FN:68,(anonymous_2)
FN:85,(anonymous_3)
FN:90,(anonymous_4)
FNF:5
FNH:0
FNDA:0,(anonymous_0)
FNDA:0,(anonymous_1)
FNDA:0,(anonymous_2)
FNDA:0,(anonymous_3)
FNDA:0,(anonymous_4)
DA:4,0
DA:12,0
DA:13,0
DA:14,0
DA:15,0
DA:17,0
DA:19,0
DA:25,0
DA:31,0
DA:37,0
DA:38,0
DA:39,0
DA:48,0
DA:50,0
DA:51,0
DA:52,0
DA:54,0
DA:57,0
DA:66,0
DA:68,0
DA:69,0
DA:70,0
DA:74,0
DA:83,0
DA:84,0
DA:85,0
DA:88,0
DA:90,0
DA:92,0
DA:93,0
DA:95,0
DA:104,0
LF:32
LH:0
BRDA:12,0,0,0
BRDA:13,1,0,0
BRDA:13,1,1,0
BRDA:17,2,0,0
BRDA:17,2,1,0
BRDA:17,2,2,0
BRDA:17,2,3,0
BRDA:17,2,4,0
BRDA:17,2,5,0
BRDA:17,2,6,0
BRDA:17,2,7,0
BRDA:51,3,0,0
BRDA:51,3,1,0
BRDA:69,4,0,0
BRDA:69,4,1,0
BRDA:93,5,0,0
BRDA:93,5,1,0
BRF:17
BRH:0
end_of_record
TN:
SF:client/redux/payment/manage/types.ts
FNF:0
FNH:0
DA:1,0
DA:2,0
DA:3,0
DA:5,0
DA:6,0
DA:7,0
DA:9,0
DA:10,0
DA:11,0
DA:13,0
DA:14,0
DA:15,0
DA:17,0
DA:19,0
DA:20,0
DA:21,0
DA:23,0
DA:24,0
DA:25,0
LF:19
LH:0
BRF:0
BRH:0
end_of_record
TN:
SF:client/redux/product/manage/actions.ts
FN:13,(anonymous_0)
FN:14,(anonymous_1)
FN:20,(anonymous_2)
FN:29,(anonymous_3)
FN:37,(anonymous_4)
FN:38,(anonymous_5)
FN:44,(anonymous_6)
FN:53,(anonymous_7)
FN:60,(anonymous_8)
FN:60,(anonymous_9)
FN:69,(anonymous_10)
FN:69,(anonymous_11)
FN:75,(anonymous_12)
FN:88,(anonymous_13)
FN:95,(anonymous_14)
FN:95,(anonymous_15)
FN:101,(anonymous_16)
FN:113,(anonymous_17)
FN:120,(anonymous_18)
FN:120,(anonymous_19)
FN:126,(anonymous_20)
FN:134,(anonymous_21)
FN:141,(anonymous_22)
FN:141,(anonymous_23)
FN:147,(anonymous_24)
FN:155,(anonymous_25)
FNF:26
FNH:0
FNDA:0,(anonymous_0)
FNDA:0,(anonymous_1)
FNDA:0,(anonymous_2)
FNDA:0,(anonymous_3)
FNDA:0,(anonymous_4)
FNDA:0,(anonymous_5)
FNDA:0,(anonymous_6)
FNDA:0,(anonymous_7)
FNDA:0,(anonymous_8)
FNDA:0,(anonymous_9)
FNDA:0,(anonymous_10)
FNDA:0,(anonymous_11)
FNDA:0,(anonymous_12)
FNDA:0,(anonymous_13)
FNDA:0,(anonymous_14)
FNDA:0,(anonymous_15)
FNDA:0,(anonymous_16)
FNDA:0,(anonymous_17)
FNDA:0,(anonymous_18)
FNDA:0,(anonymous_19)
FNDA:0,(anonymous_20)
FNDA:0,(anonymous_21)
FNDA:0,(anonymous_22)
FNDA:0,(anonymous_23)
FNDA:0,(anonymous_24)
FNDA:0,(anonymous_25)
DA:13,0
DA:14,0
DA:15,0
DA:19,0
DA:21,0
DA:22,0
DA:30,0
DA:37,0
DA:38,0
DA:39,0
DA:43,0
DA:45,0
DA:46,0
DA:54,0
DA:60,0
DA:61,0
DA:69,0
DA:70,0
DA:74,0
DA:76,0
DA:77,0
DA:81,0
DA:89,0
DA:95,0
DA:96,0
DA:100,0
DA:102,0
DA:106,0
DA:114,0
DA:120,0
DA:121,0
DA:125,0
DA:127,0
DA:135,0
DA:141,0
DA:142,0
DA:146,0
DA:148,0
DA:156,0
LF:39
LH:0
BRDA:13,0,0,0
BRDA:13,1,0,0
BRDA:37,2,0,0
BRDA:37,3,0,0
BRF:4
BRH:0
end_of_record
TN:
SF:client/redux/product/manage/reducers.ts
FN:12,(anonymous_0)
FN:50,(anonymous_1)
FN:68,(anonymous_2)
FN:85,(anonymous_3)
FN:90,(anonymous_4)
FNF:5
FNH:0
FNDA:0,(anonymous_0)
FNDA:0,(anonymous_1)
FNDA:0,(anonymous_2)
FNDA:0,(anonymous_3)
FNDA:0,(anonymous_4)
DA:4,0
DA:12,0
DA:13,0
DA:14,0
DA:15,0
DA:17,0
DA:19,0
DA:25,0
DA:31,0
DA:37,0
DA:38,0
DA:39,0
DA:48,0
DA:50,0
DA:51,0
DA:52,0
DA:54,0
DA:57,0
DA:66,0
DA:68,0
DA:69,0
DA:70,0
DA:74,0
DA:83,0
DA:84,0
DA:85,0
DA:88,0
DA:90,0
DA:92,0
DA:93,0
DA:95,0
DA:104,0
LF:32
LH:0
BRDA:12,0,0,0
BRDA:13,1,0,0
BRDA:13,1,1,0
BRDA:17,2,0,0
BRDA:17,2,1,0
BRDA:17,2,2,0
BRDA:17,2,3,0
BRDA:17,2,4,0
BRDA:17,2,5,0
BRDA:17,2,6,0
BRDA:17,2,7,0
BRDA:51,3,0,0
BRDA:51,3,1,0
BRDA:69,4,0,0
BRDA:69,4,1,0
BRDA:93,5,0,0
BRDA:93,5,1,0
BRF:17
BRH:0
end_of_record
TN:
SF:client/redux/product/manage/types.ts
FNF:0
FNH:0
DA:1,0
DA:2,0
DA:3,0
DA:5,0
DA:6,0
DA:7,0
DA:9,0
DA:10,0
DA:11,0
DA:13,0
DA:14,0
DA:15,0
DA:17,0
DA:19,0
DA:20,0
DA:21,0
DA:23,0
DA:24,0
DA:25,0
LF:19
LH:0
BRF:0
BRH:0
end_of_record
TN:
SF:client/redux/user/manage/actions.ts
FN:13,(anonymous_0)
FN:14,(anonymous_1)
FN:20,(anonymous_2)
FN:29,(anonymous_3)
FN:37,(anonymous_4)
FN:38,(anonymous_5)
FN:44,(anonymous_6)
FN:53,(anonymous_7)
FN:60,(anonymous_8)
FN:60,(anonymous_9)
FN:69,(anonymous_10)
FN:69,(anonymous_11)
FN:75,(anonymous_12)
FN:88,(anonymous_13)
FN:95,(anonymous_14)
FN:95,(anonymous_15)
FN:101,(anonymous_16)
FN:113,(anonymous_17)
FN:120,(anonymous_18)
FN:120,(anonymous_19)
FN:126,(anonymous_20)
FN:134,(anonymous_21)
FN:141,(anonymous_22)
FN:141,(anonymous_23)
FN:147,(anonymous_24)
FN:155,(anonymous_25)
FNF:26
FNH:0
FNDA:0,(anonymous_0)
FNDA:0,(anonymous_1)
FNDA:0,(anonymous_2)
FNDA:0,(anonymous_3)
FNDA:0,(anonymous_4)
FNDA:0,(anonymous_5)
FNDA:0,(anonymous_6)
FNDA:0,(anonymous_7)
FNDA:0,(anonymous_8)
FNDA:0,(anonymous_9)
FNDA:0,(anonymous_10)
FNDA:0,(anonymous_11)
FNDA:0,(anonymous_12)
FNDA:0,(anonymous_13)
FNDA:0,(anonymous_14)
FNDA:0,(anonymous_15)
FNDA:0,(anonymous_16)
FNDA:0,(anonymous_17)
FNDA:0,(anonymous_18)
FNDA:0,(anonymous_19)
FNDA:0,(anonymous_20)
FNDA:0,(anonymous_21)
FNDA:0,(anonymous_22)
FNDA:0,(anonymous_23)
FNDA:0,(anonymous_24)
FNDA:0,(anonymous_25)
DA:13,0
DA:14,0
DA:15,0
DA:19,0
DA:21,0
DA:22,0
DA:30,0
DA:37,0
DA:38,0
DA:39,0
DA:43,0
DA:45,0
DA:46,0
DA:54,0
DA:60,0
DA:61,0
DA:69,0
DA:70,0
DA:74,0
DA:76,0
DA:77,0
DA:81,0
DA:89,0
DA:95,0
DA:96,0
DA:100,0
DA:102,0
DA:106,0
DA:114,0
DA:120,0
DA:121,0
DA:125,0
DA:127,0
DA:135,0
DA:141,0
DA:142,0
DA:146,0
DA:148,0
DA:156,0
LF:39
LH:0
BRDA:13,0,0,0
BRDA:13,1,0,0
BRDA:37,2,0,0
BRDA:37,3,0,0
BRF:4
BRH:0
end_of_record
TN:
SF:client/redux/user/manage/reducers.ts
FN:12,(anonymous_0)
FN:50,(anonymous_1)
FN:68,(anonymous_2)
FN:85,(anonymous_3)
FN:90,(anonymous_4)
FNF:5
FNH:0
FNDA:0,(anonymous_0)
FNDA:0,(anonymous_1)
FNDA:0,(anonymous_2)
FNDA:0,(anonymous_3)
FNDA:0,(anonymous_4)
DA:4,0
DA:12,0
DA:13,0
DA:14,0
DA:15,0
DA:17,0
DA:19,0
DA:25,0
DA:31,0
DA:37,0
DA:38,0
DA:39,0
DA:48,0
DA:50,0
DA:51,0
DA:52,0
DA:54,0
DA:57,0
DA:66,0
DA:68,0
DA:69,0
DA:70,0
DA:74,0
DA:83,0
DA:84,0
DA:85,0
DA:88,0
DA:90,0
DA:92,0
DA:93,0
DA:95,0
DA:104,0
LF:32
LH:0
BRDA:12,0,0,0
BRDA:13,1,0,0
BRDA:13,1,1,0
BRDA:17,2,0,0
BRDA:17,2,1,0
BRDA:17,2,2,0
BRDA:17,2,3,0
BRDA:17,2,4,0
BRDA:17,2,5,0
BRDA:17,2,6,0
BRDA:17,2,7,0
BRDA:51,3,0,0
BRDA:51,3,1,0
BRDA:69,4,0,0
BRDA:69,4,1,0
BRDA:93,5,0,0
BRDA:93,5,1,0
BRF:17
BRH:0
end_of_record
TN:
SF:client/redux/user/manage/types.ts
FNF:0
FNH:0
DA:1,0
DA:2,0
DA:3,0
DA:5,0
DA:6,0
DA:7,0
DA:9,0
DA:10,0
DA:11,0
DA:13,0
DA:14,0
DA:15,0
DA:17,0
DA:19,0
DA:20,0
DA:21,0
DA:23,0
DA:24,0
DA:25,0
LF:19
LH:0
BRF:0
BRH:0
end_of_record
TN:
SF:client/service/address/manage.ts
FN:5,(anonymous_0)
FN:26,(anonymous_1)
FN:48,(anonymous_2)
FN:62,(anonymous_3)
FN:73,(anonymous_4)
FN:95,(anonymous_5)
FN:136,(anonymous_6)
FN:178,(anonymous_7)
FN:186,(anonymous_8)
FN:230,(anonymous_9)
FNF:10
FNH:0
FNDA:0,(anonymous_0)
FNDA:0,(anonymous_1)
FNDA:0,(anonymous_2)
FNDA:0,(anonymous_3)
FNDA:0,(anonymous_4)
FNDA:0,(anonymous_5)
FNDA:0,(anonymous_6)
FNDA:0,(anonymous_7)
FNDA:0,(anonymous_8)
FNDA:0,(anonymous_9)
DA:5,0
DA:6,0
DA:7,0
DA:8,0
DA:10,0
DA:13,0
DA:14,0
DA:15,0
DA:22,0
DA:26,0
DA:27,0
DA:28,0
DA:29,0
DA:31,0
DA:34,0
DA:35,0
DA:36,0
DA:43,0
DA:48,0
DA:49,0
DA:56,0
DA:62,0
DA:63,0
DA:68,0
DA:73,0
DA:74,0
DA:78,0
DA:86,0
DA:95,0
DA:96,0
DA:99,0
DA:100,0
DA:101,0
DA:109,0
DA:110,0
DA:111,0
DA:120,0
DA:122,0
DA:136,0
DA:137,0
DA:140,0
DA:141,0
DA:142,0
DA:150,0
DA:151,0
DA:152,0
DA:161,0
DA:163,0
DA:178,0
DA:179,0
DA:181,0
DA:186,0
DA:188,0
DA:190,0
DA:191,0
DA:193,0
DA:194,0
DA:195,0
DA:202,0
DA:203,0
DA:204,0
DA:211,0
DA:223,0
DA:225,0
DA:230,0
DA:231,0
DA:233,0
LF:67
LH:0
BRDA:5,0,0,0
BRDA:6,1,0,0
BRDA:6,1,1,0
BRDA:6,2,0,0
BRDA:6,2,1,0
BRDA:6,2,2,0
BRDA:7,3,0,0
BRDA:7,3,1,0
BRDA:14,4,0,0
BRDA:14,4,1,0
BRDA:26,5,0,0
BRDA:27,6,0,0
BRDA:27,6,1,0
BRDA:27,7,0,0
BRDA:27,7,1,0
BRDA:27,7,2,0
BRDA:28,8,0,0
BRDA:28,8,1,0
BRDA:35,9,0,0
BRDA:35,9,1,0
BRDA:48,10,0,0
BRDA:48,11,0,0
BRDA:73,12,0,0
BRDA:73,13,0,0
BRDA:100,14,0,0
BRDA:100,14,1,0
BRDA:110,15,0,0
BRDA:110,15,1,0
BRDA:141,16,0,0
BRDA:141,16,1,0
BRDA:151,17,0,0
BRDA:151,17,1,0
BRDA:194,18,0,0
BRDA:194,18,1,0
BRDA:203,19,0,0
BRDA:203,19,1,0
BRF:36
BRH:0
end_of_record
TN:
SF:client/service/banner/manage.ts
FN:5,(anonymous_0)
FN:27,(anonymous_1)
FN:41,(anonymous_2)
FN:52,(anonymous_3)
FN:74,(anonymous_4)
FN:102,(anonymous_5)
FN:131,(anonymous_6)
FN:139,(anonymous_7)
FN:171,(anonymous_8)
FNF:9
FNH:0
FNDA:0,(anonymous_0)
FNDA:0,(anonymous_1)
FNDA:0,(anonymous_2)
FNDA:0,(anonymous_3)
FNDA:0,(anonymous_4)
FNDA:0,(anonymous_5)
FNDA:0,(anonymous_6)
FNDA:0,(anonymous_7)
FNDA:0,(anonymous_8)
DA:5,0
DA:6,0
DA:7,0
DA:8,0
DA:10,0
DA:13,0
DA:14,0
DA:15,0
DA:22,0
DA:27,0
DA:28,0
DA:35,0
DA:41,0
DA:42,0
DA:47,0
DA:52,0
DA:53,0
DA:57,0
DA:65,0
DA:74,0
DA:75,0
DA:78,0
DA:79,0
DA:80,0
DA:89,0
DA:91,0
DA:102,0
DA:103,0
DA:106,0
DA:107,0
DA:108,0
DA:117,0
DA:119,0
DA:131,0
DA:132,0
DA:134,0
DA:139,0
DA:141,0
DA:143,0
DA:144,0
DA:146,0
DA:147,0
DA:148,0
DA:155,0
DA:164,0
DA:166,0
DA:171,0
DA:172,0
DA:174,0
LF:49
LH:0
BRDA:5,0,0,0
BRDA:6,1,0,0
BRDA:6,1,1,0
BRDA:6,2,0,0
BRDA:6,2,1,0
BRDA:6,2,2,0
BRDA:7,3,0,0
BRDA:7,3,1,0
BRDA:14,4,0,0
BRDA:14,4,1,0
BRDA:27,5,0,0
BRDA:27,6,0,0
BRDA:52,7,0,0
BRDA:52,8,0,0
BRDA:79,9,0,0
BRDA:79,9,1,0
BRDA:107,10,0,0
BRDA:107,10,1,0
BRDA:147,11,0,0
BRDA:147,11,1,0
BRF:20
BRH:0
end_of_record
TN:
SF:client/service/cart/manage.ts
FN:5,(anonymous_0)
FN:26,(anonymous_1)
FN:47,(anonymous_2)
FN:68,(anonymous_3)
FN:90,(anonymous_4)
FN:104,(anonymous_5)
FN:115,(anonymous_6)
FN:137,(anonymous_7)
FN:197,(anonymous_8)
FN:258,(anonymous_9)
FN:266,(anonymous_10)
FN:327,(anonymous_11)
FNF:12
FNH:0
FNDA:0,(anonymous_0)
FNDA:0,(anonymous_1)
FNDA:0,(anonymous_2)
FNDA:0,(anonymous_3)
FNDA:0,(anonymous_4)
FNDA:0,(anonymous_5)
FNDA:0,(anonymous_6)
FNDA:0,(anonymous_7)
FNDA:0,(anonymous_8)
FNDA:0,(anonymous_9)
FNDA:0,(anonymous_10)
FNDA:0,(anonymous_11)
DA:5,0
DA:6,0
DA:7,0
DA:8,0
DA:10,0
DA:13,0
DA:14,0
DA:15,0
DA:22,0
DA:26,0
DA:27,0
DA:28,0
DA:29,0
DA:31,0
DA:34,0
DA:35,0
DA:36,0
DA:43,0
DA:47,0
DA:48,0
DA:49,0
DA:50,0
DA:52,0
DA:55,0
DA:56,0
DA:57,0
DA:64,0
DA:68,0
DA:69,0
DA:70,0
DA:71,0
DA:73,0
DA:76,0
DA:77,0
DA:78,0
DA:85,0
DA:90,0
DA:91,0
DA:98,0
DA:104,0
DA:105,0
DA:110,0
DA:115,0
DA:116,0
DA:120,0
DA:128,0
DA:137,0
DA:138,0
DA:141,0
DA:142,0
DA:143,0
DA:151,0
DA:152,0
DA:153,0
DA:161,0
DA:162,0
DA:163,0
DA:171,0
DA:172,0
DA:173,0
DA:182,0
DA:184,0
DA:197,0
DA:198,0
DA:201,0
DA:202,0
DA:203,0
DA:211,0
DA:212,0
DA:213,0
DA:221,0
DA:222,0
DA:223,0
DA:231,0
DA:232,0
DA:233,0
DA:242,0
DA:244,0
DA:258,0
DA:259,0
DA:261,0
DA:266,0
DA:268,0
DA:270,0
DA:271,0
DA:273,0
DA:274,0
DA:275,0
DA:282,0
DA:283,0
DA:284,0
DA:291,0
DA:292,0
DA:293,0
DA:300,0
DA:301,0
DA:302,0
DA:309,0
DA:320,0
DA:322,0
DA:327,0
DA:328,0
DA:330,0
LF:103
LH:0
BRDA:5,0,0,0
BRDA:6,1,0,0
BRDA:6,1,1,0
BRDA:6,2,0,0
BRDA:6,2,1,0
BRDA:6,2,2,0
BRDA:7,3,0,0
BRDA:7,3,1,0
BRDA:14,4,0,0
BRDA:14,4,1,0
BRDA:26,5,0,0
BRDA:27,6,0,0
BRDA:27,6,1,0
BRDA:27,7,0,0
BRDA:27,7,1,0
BRDA:27,7,2,0
BRDA:28,8,0,0
BRDA:28,8,1,0
BRDA:35,9,0,0
BRDA:35,9,1,0
BRDA:47,10,0,0
BRDA:48,11,0,0
BRDA:48,11,1,0
BRDA:48,12,0,0
BRDA:48,12,1,0
BRDA:48,12,2,0
BRDA:49,13,0,0
BRDA:49,13,1,0
BRDA:56,14,0,0
BRDA:56,14,1,0
BRDA:68,15,0,0
BRDA:69,16,0,0
BRDA:69,16,1,0
BRDA:69,17,0,0
BRDA:69,17,1,0
BRDA:69,17,2,0
BRDA:70,18,0,0
BRDA:70,18,1,0
BRDA:77,19,0,0
BRDA:77,19,1,0
BRDA:90,20,0,0
BRDA:90,21,0,0
BRDA:115,22,0,0
BRDA:115,23,0,0
BRDA:142,24,0,0
BRDA:142,24,1,0
BRDA:152,25,0,0
BRDA:152,25,1,0
BRDA:162,26,0,0
BRDA:162,26,1,0
BRDA:172,27,0,0
BRDA:172,27,1,0
BRDA:202,28,0,0
BRDA:202,28,1,0
BRDA:212,29,0,0
BRDA:212,29,1,0
BRDA:222,30,0,0
BRDA:222,30,1,0
BRDA:232,31,0,0
BRDA:232,31,1,0
BRDA:274,32,0,0
BRDA:274,32,1,0
BRDA:283,33,0,0
BRDA:283,33,1,0
BRDA:292,34,0,0
BRDA:292,34,1,0
BRDA:301,35,0,0
BRDA:301,35,1,0
BRF:68
BRH:0
end_of_record
TN:
SF:client/service/category/manage.ts
FN:5,(anonymous_0)
FN:26,(anonymous_1)
FN:48,(anonymous_2)
FN:62,(anonymous_3)
FN:73,(anonymous_4)
FN:95,(anonymous_5)
FN:133,(anonymous_6)
FN:172,(anonymous_7)
FN:180,(anonymous_8)
FN:221,(anonymous_9)
FNF:10
FNH:0
FNDA:0,(anonymous_0)
FNDA:0,(anonymous_1)
FNDA:0,(anonymous_2)
FNDA:0,(anonymous_3)
FNDA:0,(anonymous_4)
FNDA:0,(anonymous_5)
FNDA:0,(anonymous_6)
FNDA:0,(anonymous_7)
FNDA:0,(anonymous_8)
FNDA:0,(anonymous_9)
DA:5,0
DA:6,0
DA:7,0
DA:8,0
DA:10,0
DA:13,0
DA:14,0
DA:15,0
DA:22,0
DA:26,0
DA:27,0
DA:28,0
DA:29,0
DA:31,0
DA:34,0
DA:35,0
DA:36,0
DA:43,0
DA:48,0
DA:49,0
DA:56,0
DA:62,0
DA:63,0
DA:68,0
DA:73,0
DA:74,0
DA:78,0
DA:86,0
DA:95,0
DA:96,0
DA:99,0
DA:100,0
DA:101,0
DA:109,0
DA:110,0
DA:111,0
DA:120,0
DA:122,0
DA:133,0
DA:134,0
DA:137,0
DA:138,0
DA:139,0
DA:147,0
DA:148,0
DA:149,0
DA:158,0
DA:160,0
DA:172,0
DA:173,0
DA:175,0
DA:180,0
DA:182,0
DA:184,0
DA:185,0
DA:187,0
DA:188,0
DA:189,0
DA:196,0
DA:197,0
DA:198,0
DA:205,0
DA:214,0
DA:216,0
DA:221,0
DA:222,0
DA:224,0
LF:67
LH:0
BRDA:5,0,0,0
BRDA:6,1,0,0
BRDA:6,1,1,0
BRDA:6,2,0,0
BRDA:6,2,1,0
BRDA:6,2,2,0
BRDA:7,3,0,0
BRDA:7,3,1,0
BRDA:14,4,0,0
BRDA:14,4,1,0
BRDA:26,5,0,0
BRDA:27,6,0,0
BRDA:27,6,1,0
BRDA:27,7,0,0
BRDA:27,7,1,0
BRDA:27,7,2,0
BRDA:28,8,0,0
BRDA:28,8,1,0
BRDA:35,9,0,0
BRDA:35,9,1,0
BRDA:48,10,0,0
BRDA:48,11,0,0
BRDA:73,12,0,0
BRDA:73,13,0,0
BRDA:100,14,0,0
BRDA:100,14,1,0
BRDA:110,15,0,0
BRDA:110,15,1,0
BRDA:138,16,0,0
BRDA:138,16,1,0
BRDA:148,17,0,0
BRDA:148,17,1,0
BRDA:188,18,0,0
BRDA:188,18,1,0
BRDA:197,19,0,0
BRDA:197,19,1,0
BRF:36
BRH:0
end_of_record
TN:
SF:client/service/order/manage.ts
FN:5,(anonymous_0)
FN:27,(anonymous_1)
FN:41,(anonymous_2)
FN:52,(anonymous_3)
FN:74,(anonymous_4)
FN:110,(anonymous_5)
FN:147,(anonymous_6)
FN:155,(anonymous_7)
FN:195,(anonymous_8)
FNF:9
FNH:0
FNDA:0,(anonymous_0)
FNDA:0,(anonymous_1)
FNDA:0,(anonymous_2)
FNDA:0,(anonymous_3)
FNDA:0,(anonymous_4)
FNDA:0,(anonymous_5)
FNDA:0,(anonymous_6)
FNDA:0,(anonymous_7)
FNDA:0,(anonymous_8)
DA:5,0
DA:6,0
DA:7,0
DA:8,0
DA:10,0
DA:13,0
DA:14,0
DA:15,0
DA:22,0
DA:27,0
DA:28,0
DA:35,0
DA:41,0
DA:42,0
DA:47,0
DA:52,0
DA:53,0
DA:57,0
DA:65,0
DA:74,0
DA:75,0
DA:78,0
DA:79,0
DA:80,0
DA:89,0
DA:91,0
DA:110,0
DA:111,0
DA:114,0
DA:115,0
DA:116,0
DA:125,0
DA:127,0
DA:147,0
DA:148,0
DA:150,0
DA:155,0
DA:157,0
DA:159,0
DA:160,0
DA:162,0
DA:163,0
DA:164,0
DA:171,0
DA:188,0
DA:190,0
DA:195,0
DA:196,0
DA:198,0
LF:49
LH:0
BRDA:5,0,0,0
BRDA:6,1,0,0
BRDA:6,1,1,0
BRDA:6,2,0,0
BRDA:6,2,1,0
BRDA:6,2,2,0
BRDA:7,3,0,0
BRDA:7,3,1,0
BRDA:14,4,0,0
BRDA:14,4,1,0
BRDA:27,5,0,0
BRDA:27,6,0,0
BRDA:52,7,0,0
BRDA:52,8,0,0
BRDA:79,9,0,0
BRDA:79,9,1,0
BRDA:115,10,0,0
BRDA:115,10,1,0
BRDA:163,11,0,0
BRDA:163,11,1,0
BRF:20
BRH:0
end_of_record
TN:
SF:client/service/order_item/manage.ts
FN:5,(anonymous_0)
FN:26,(anonymous_1)
FN:47,(anonymous_2)
FN:69,(anonymous_3)
FN:83,(anonymous_4)
FN:94,(anonymous_5)
FN:116,(anonymous_6)
FN:166,(anonymous_7)
FN:217,(anonymous_8)
FN:225,(anonymous_9)
FN:277,(anonymous_10)
FNF:11
FNH:0
FNDA:0,(anonymous_0)
FNDA:0,(anonymous_1)
FNDA:0,(anonymous_2)
FNDA:0,(anonymous_3)
FNDA:0,(anonymous_4)
FNDA:0,(anonymous_5)
FNDA:0,(anonymous_6)
FNDA:0,(anonymous_7)
FNDA:0,(anonymous_8)
FNDA:0,(anonymous_9)
FNDA:0,(anonymous_10)
DA:5,0
DA:6,0
DA:7,0
DA:8,0
DA:10,0
DA:13,0
DA:14,0
DA:15,0
DA:22,0
DA:26,0
DA:27,0
DA:28,0
DA:29,0
DA:31,0
DA:34,0
DA:35,0
DA:36,0
DA:43,0
DA:47,0
DA:48,0
DA:49,0
DA:50,0
DA:52,0
DA:55,0
DA:56,0
DA:57,0
DA:64,0
DA:69,0
DA:70,0
DA:77,0
DA:83,0
DA:84,0
DA:89,0
DA:94,0
DA:95,0
DA:99,0
DA:107,0
DA:116,0
DA:117,0
DA:120,0
DA:121,0
DA:122,0
DA:130,0
DA:131,0
DA:132,0
DA:140,0
DA:141,0
DA:142,0
DA:151,0
DA:153,0
DA:166,0
DA:167,0
DA:170,0
DA:171,0
DA:172,0
DA:180,0
DA:181,0
DA:182,0
DA:190,0
DA:191,0
DA:192,0
DA:201,0
DA:203,0
DA:217,0
DA:218,0
DA:220,0
DA:225,0
DA:227,0
DA:229,0
DA:230,0
DA:232,0
DA:233,0
DA:234,0
DA:241,0
DA:242,0
DA:243,0
DA:250,0
DA:251,0
DA:252,0
DA:259,0
DA:270,0
DA:272,0
DA:277,0
DA:278,0
DA:280,0
LF:85
LH:0
BRDA:5,0,0,0
BRDA:6,1,0,0
BRDA:6,1,1,0
BRDA:6,2,0,0
BRDA:6,2,1,0
BRDA:6,2,2,0
BRDA:7,3,0,0
BRDA:7,3,1,0
BRDA:14,4,0,0
BRDA:14,4,1,0
BRDA:26,5,0,0
BRDA:27,6,0,0
BRDA:27,6,1,0
BRDA:27,7,0,0
BRDA:27,7,1,0
BRDA:27,7,2,0
BRDA:28,8,0,0
BRDA:28,8,1,0
BRDA:35,9,0,0
BRDA:35,9,1,0
BRDA:47,10,0,0
BRDA:48,11,0,0
BRDA:48,11,1,0
BRDA:48,12,0,0
BRDA:48,12,1,0
BRDA:48,12,2,0
BRDA:49,13,0,0
BRDA:49,13,1,0
BRDA:56,14,0,0
BRDA:56,14,1,0
BRDA:69,15,0,0
BRDA:69,16,0,0
BRDA:94,17,0,0
BRDA:94,18,0,0
BRDA:121,19,0,0
BRDA:121,19,1,0
BRDA:131,20,0,0
BRDA:131,20,1,0
BRDA:141,21,0,0
BRDA:141,21,1,0
BRDA:171,22,0,0
BRDA:171,22,1,0
BRDA:181,23,0,0
BRDA:181,23,1,0
BRDA:191,24,0,0
BRDA:191,24,1,0
BRDA:233,25,0,0
BRDA:233,25,1,0
BRDA:242,26,0,0
BRDA:242,26,1,0
BRDA:251,27,0,0
BRDA:251,27,1,0
BRF:52
BRH:0
end_of_record
TN:
SF:client/service/payment/manage.ts
FN:5,(anonymous_0)
FN:27,(anonymous_1)
FN:41,(anonymous_2)
FN:52,(anonymous_3)
FN:75,(anonymous_4)
FN:105,(anonymous_5)
FN:136,(anonymous_6)
FN:144,(anonymous_7)
FN:178,(anonymous_8)
FNF:9
FNH:0
FNDA:0,(anonymous_0)
FNDA:0,(anonymous_1)
FNDA:0,(anonymous_2)
FNDA:0,(anonymous_3)
FNDA:0,(anonymous_4)
FNDA:0,(anonymous_5)
FNDA:0,(anonymous_6)
FNDA:0,(anonymous_7)
FNDA:0,(anonymous_8)
DA:5,0
DA:6,0
DA:7,0
DA:8,0
DA:10,0
DA:13,0
DA:14,0
DA:15,0
DA:22,0
DA:27,0
DA:28,0
DA:35,0
DA:41,0
DA:42,0
DA:47,0
DA:52,0
DA:53,0
DA:57,0
DA:65,0
DA:75,0
DA:76,0
DA:79,0
DA:80,0
DA:81,0
DA:90,0
DA:92,0
DA:105,0
DA:106,0
DA:109,0
DA:110,0
DA:111,0
DA:120,0
DA:122,0
DA:136,0
DA:137,0
DA:139,0
DA:144,0
DA:146,0
DA:148,0
DA:149,0
DA:151,0
DA:152,0
DA:153,0
DA:160,0
DA:171,0
DA:173,0
DA:178,0
DA:179,0
DA:181,0
LF:49
LH:0
BRDA:5,0,0,0
BRDA:6,1,0,0
BRDA:6,1,1,0
BRDA:6,2,0,0
BRDA:6,2,1,0
BRDA:6,2,2,0
BRDA:7,3,0,0
BRDA:7,3,1,0
BRDA:14,4,0,0
BRDA:14,4,1,0
BRDA:27,5,0,0
BRDA:27,6,0,0
BRDA:52,7,0,0
BRDA:52,8,0,0
BRDA:80,9,0,0
BRDA:80,9,1,0
BRDA:110,10,0,0
BRDA:110,10,1,0
BRDA:152,11,0,0
BRDA:152,11,1,0
BRF:20
BRH:0
end_of_record
TN:
SF:client/service/product/manage.ts
FN:5,(anonymous_0)
FN:26,(anonymous_1)
FN:47,(anonymous_2)
FN:69,(anonymous_3)
FN:83,(anonymous_4)
FN:94,(anonymous_5)
FN:116,(anonymous_6)
FN:169,(anonymous_7)
FN:223,(anonymous_8)
FN:231,(anonymous_9)
FN:286,(anonymous_10)
FNF:11
FNH:0
FNDA:0,(anonymous_0)
FNDA:0,(anonymous_1)
FNDA:0,(anonymous_2)
FNDA:0,(anonymous_3)
FNDA:0,(anonymous_4)
FNDA:0,(anonymous_5)
FNDA:0,(anonymous_6)
FNDA:0,(anonymous_7)
FNDA:0,(anonymous_8)
FNDA:0,(anonymous_9)
FNDA:0,(anonymous_10)
DA:5,0
DA:6,0
DA:7,0
DA:8,0
DA:10,0
DA:13,0
DA:14,0
DA:15,0
DA:22,0
DA:26,0
DA:27,0
DA:28,0
DA:29,0
DA:31,0
DA:34,0
DA:35,0
DA:36,0
DA:43,0
DA:47,0
DA:48,0
DA:49,0
DA:50,0
DA:52,0
DA:55,0
DA:56,0
DA:57,0
DA:64,0
DA:69,0
DA:70,0
DA:77,0
DA:83,0
DA:84,0
DA:89,0
DA:94,0
DA:95,0
DA:99,0
DA:107,0
DA:116,0
DA:117,0
DA:120,0
DA:121,0
DA:122,0
DA:130,0
DA:131,0
DA:132,0
DA:140,0
DA:141,0
DA:142,0
DA:151,0
DA:153,0
DA:169,0
DA:170,0
DA:173,0
DA:174,0
DA:175,0
DA:183,0
DA:184,0
DA:185,0
DA:193,0
DA:194,0
DA:195,0
DA:204,0
DA:206,0
DA:223,0
DA:224,0
DA:226,0
DA:231,0
DA:233,0
DA:235,0
DA:236,0
DA:238,0
DA:239,0
DA:240,0
DA:247,0
DA:248,0
DA:249,0
DA:256,0
DA:257,0
DA:258,0
DA:265,0
DA:279,0
DA:281,0
DA:286,0
DA:287,0
DA:289,0
LF:85
LH:0
BRDA:5,0,0,0
BRDA:6,1,0,0
BRDA:6,1,1,0
BRDA:6,2,0,0
BRDA:6,2,1,0
BRDA:6,2,2,0
BRDA:7,3,0,0
BRDA:7,3,1,0
BRDA:14,4,0,0
BRDA:14,4,1,0
BRDA:26,5,0,0
BRDA:27,6,0,0
BRDA:27,6,1,0
BRDA:27,7,0,0
BRDA:27,7,1,0
BRDA:27,7,2,0
BRDA:28,8,0,0
BRDA:28,8,1,0
BRDA:35,9,0,0
BRDA:35,9,1,0
BRDA:47,10,0,0
BRDA:48,11,0,0
BRDA:48,11,1,0
BRDA:48,12,0,0
BRDA:48,12,1,0
BRDA:48,12,2,0
BRDA:49,13,0,0
BRDA:49,13,1,0
BRDA:56,14,0,0
BRDA:56,14,1,0
BRDA:69,15,0,0
BRDA:69,16,0,0
BRDA:94,17,0,0
BRDA:94,18,0,0
BRDA:121,19,0,0
BRDA:121,19,1,0
BRDA:131,20,0,0
BRDA:131,20,1,0
BRDA:141,21,0,0
BRDA:141,21,1,0
BRDA:174,22,0,0
BRDA:174,22,1,0
BRDA:184,23,0,0
BRDA:184,23,1,0
BRDA:194,24,0,0
BRDA:194,24,1,0
BRDA:239,25,0,0
BRDA:239,25,1,0
BRDA:248,26,0,0
BRDA:248,26,1,0
BRDA:257,27,0,0
BRDA:257,27,1,0
BRF:52
BRH:0
end_of_record
TN:
SF:client/service/user/manage.ts
FN:6,(anonymous_0)
FN:20,(anonymous_1)
FN:31,(anonymous_2)
FN:55,(anonymous_3)
FN:76,(anonymous_4)
FN:98,(anonymous_5)
FN:106,(anonymous_6)
FN:132,(anonymous_7)
FNF:8
FNH:0
FNDA:0,(anonymous_0)
FNDA:0,(anonymous_1)
FNDA:0,(anonymous_2)
FNDA:0,(anonymous_3)
FNDA:0,(anonymous_4)
FNDA:0,(anonymous_5)
FNDA:0,(anonymous_6)
FNDA:0,(anonymous_7)
DA:6,0
DA:7,0
DA:14,0
DA:20,0
DA:21,0
DA:26,0
DA:31,0
DA:32,0
DA:36,0
DA:44,0
DA:55,0
DA:56,0
DA:60,0
DA:62,0
DA:76,0
DA:77,0
DA:81,0
DA:83,0
DA:98,0
DA:99,0
DA:101,0
DA:106,0
DA:108,0
DA:110,0
DA:111,0
DA:113,0
DA:125,0
DA:127,0
DA:132,0
DA:133,0
DA:135,0
LF:31
LH:0
BRDA:6,0,0,0
BRDA:6,1,0,0
BRDA:31,2,0,0
BRDA:31,3,0,0
BRF:4
BRH:0
end_of_record
TN:
SF:client/styled/common.ts
FN:9,(anonymous_0)
FNF:1
FNH:0
FNDA:0,(anonymous_0)
DA:3,0
DA:9,0
DA:15,0
DA:19,0
DA:47,0
LF:5
LH:0
BRDA:9,0,0,0
BRDA:9,0,1,0
BRF:2
BRH:0
end_of_record
TN:
SF:client/styled/address/manage.ts
FN:140,(anonymous_0)
FN:149,(anonymous_1)
FN:158,(anonymous_2)
FNF:3
FNH:0
FNDA:0,(anonymous_0)
FNDA:0,(anonymous_1)
FNDA:0,(anonymous_2)
DA:4,0
DA:50,0
DA:68,0
DA:130,0
DA:141,0
DA:150,0
DA:159,0
DA:168,0
DA:174,0
DA:452,0
DA:470,0
DA:474,0
DA:478,0
DA:482,0
LF:14
LH:0
BRDA:141,0,0,0
BRDA:141,0,1,0
BRDA:150,1,0,0
BRDA:150,1,1,0
BRDA:159,2,0,0
BRDA:159,2,1,0
BRF:6
BRH:0
end_of_record
TN:
SF:client/styled/banner/manage.ts
FN:140,(anonymous_0)
FN:149,(anonymous_1)
FN:158,(anonymous_2)
FNF:3
FNH:0
FNDA:0,(anonymous_0)
FNDA:0,(anonymous_1)
FNDA:0,(anonymous_2)
DA:4,0
DA:50,0
DA:68,0
DA:130,0
DA:141,0
DA:150,0
DA:159,0
DA:168,0
DA:174,0
DA:452,0
DA:470,0
DA:474,0
DA:478,0
DA:482,0
LF:14
LH:0
BRDA:141,0,0,0
BRDA:141,0,1,0
BRDA:150,1,0,0
BRDA:150,1,1,0
BRDA:159,2,0,0
BRDA:159,2,1,0
BRF:6
BRH:0
end_of_record
TN:
SF:client/styled/cart/manage.ts
FN:140,(anonymous_0)
FN:149,(anonymous_1)
FN:158,(anonymous_2)
FNF:3
FNH:0
FNDA:0,(anonymous_0)
FNDA:0,(anonymous_1)
FNDA:0,(anonymous_2)
DA:4,0
DA:50,0
DA:68,0
DA:130,0
DA:141,0
DA:150,0
DA:159,0
DA:168,0
DA:174,0
DA:452,0
DA:470,0
DA:474,0
DA:478,0
DA:482,0
LF:14
LH:0
BRDA:141,0,0,0
BRDA:141,0,1,0
BRDA:150,1,0,0
BRDA:150,1,1,0
BRDA:159,2,0,0
BRDA:159,2,1,0
BRF:6
BRH:0
end_of_record
TN:
SF:client/styled/category/manage.ts
FN:140,(anonymous_0)
FN:149,(anonymous_1)
FN:158,(anonymous_2)
FNF:3
FNH:0
FNDA:0,(anonymous_0)
FNDA:0,(anonymous_1)
FNDA:0,(anonymous_2)
DA:4,0
DA:50,0
DA:68,0
DA:130,0
DA:141,0
DA:150,0
DA:159,0
DA:168,0
DA:174,0
DA:452,0
DA:470,0
DA:474,0
DA:478,0
DA:482,0
LF:14
LH:0
BRDA:141,0,0,0
BRDA:141,0,1,0
BRDA:150,1,0,0
BRDA:150,1,1,0
BRDA:159,2,0,0
BRDA:159,2,1,0
BRF:6
BRH:0
end_of_record
TN:
SF:client/styled/layout/index.ts
FN:58,(anonymous_0)
FN:66,(anonymous_1)
FNF:2
FNH:0
FNDA:0,(anonymous_0)
FNDA:0,(anonymous_1)
DA:4,0
DA:6,0
DA:14,0
DA:21,0
DA:51,0
DA:57,0
DA:58,0
DA:66,0
DA:72,0
DA:167,0
DA:193,0
LF:11
LH:0
BRDA:66,0,0,0
BRDA:66,0,1,0
BRF:2
BRH:0
end_of_record
TN:
SF:client/styled/order/manage.ts
FN:140,(anonymous_0)
FN:149,(anonymous_1)
FN:158,(anonymous_2)
FNF:3
FNH:0
FNDA:0,(anonymous_0)
FNDA:0,(anonymous_1)
FNDA:0,(anonymous_2)
DA:4,0
DA:50,0
DA:68,0
DA:130,0
DA:141,0
DA:150,0
DA:159,0
DA:168,0
DA:174,0
DA:452,0
DA:470,0
DA:474,0
DA:478,0
DA:482,0
LF:14
LH:0
BRDA:141,0,0,0
BRDA:141,0,1,0
BRDA:150,1,0,0
BRDA:150,1,1,0
BRDA:159,2,0,0
BRDA:159,2,1,0
BRF:6
BRH:0
end_of_record
TN:
SF:client/styled/order_item/manage.ts
FN:140,(anonymous_0)
FN:149,(anonymous_1)
FN:158,(anonymous_2)
FNF:3
FNH:0
FNDA:0,(anonymous_0)
FNDA:0,(anonymous_1)
FNDA:0,(anonymous_2)
DA:4,0
DA:50,0
DA:68,0
DA:130,0
DA:141,0
DA:150,0
DA:159,0
DA:168,0
DA:174,0
DA:452,0
DA:470,0
DA:474,0
DA:478,0
DA:482,0
LF:14
LH:0
BRDA:141,0,0,0
BRDA:141,0,1,0
BRDA:150,1,0,0
BRDA:150,1,1,0
BRDA:159,2,0,0
BRDA:159,2,1,0
BRF:6
BRH:0
end_of_record
TN:
SF:client/styled/payment/manage.ts
FN:140,(anonymous_0)
FN:149,(anonymous_1)
FN:158,(anonymous_2)
FNF:3
FNH:0
FNDA:0,(anonymous_0)
FNDA:0,(anonymous_1)
FNDA:0,(anonymous_2)
DA:4,0
DA:50,0
DA:68,0
DA:130,0
DA:141,0
DA:150,0
DA:159,0
DA:168,0
DA:174,0
DA:452,0
DA:470,0
DA:474,0
DA:478,0
DA:482,0
LF:14
LH:0
BRDA:141,0,0,0
BRDA:141,0,1,0
BRDA:150,1,0,0
BRDA:150,1,1,0
BRDA:159,2,0,0
BRDA:159,2,1,0
BRF:6
BRH:0
end_of_record
TN:
SF:client/styled/product/manage.ts
FN:140,(anonymous_0)
FN:149,(anonymous_1)
FN:158,(anonymous_2)
FNF:3
FNH:0
FNDA:0,(anonymous_0)
FNDA:0,(anonymous_1)
FNDA:0,(anonymous_2)
DA:4,0
DA:50,0
DA:68,0
DA:130,0
DA:141,0
DA:150,0
DA:159,0
DA:168,0
DA:174,0
DA:452,0
DA:470,0
DA:474,0
DA:478,0
DA:482,0
LF:14
LH:0
BRDA:141,0,0,0
BRDA:141,0,1,0
BRDA:150,1,0,0
BRDA:150,1,1,0
BRDA:159,2,0,0
BRDA:159,2,1,0
BRF:6
BRH:0
end_of_record
TN:
SF:client/styled/user/manage.ts
FN:140,(anonymous_0)
FN:149,(anonymous_1)
FN:158,(anonymous_2)
FNF:3
FNH:0
FNDA:0,(anonymous_0)
FNDA:0,(anonymous_1)
FNDA:0,(anonymous_2)
DA:4,0
DA:50,0
DA:68,0
DA:130,0
DA:141,0
DA:150,0
DA:159,0
DA:168,0
DA:174,0
DA:452,0
DA:470,0
DA:474,0
DA:478,0
DA:482,0
LF:14
LH:0
BRDA:141,0,0,0
BRDA:141,0,1,0
BRDA:150,1,0,0
BRDA:150,1,1,0
BRDA:159,2,0,0
BRDA:159,2,1,0
BRF:6
BRH:0
end_of_record
TN:
SF:client/utils/common.ts
FN:3,(anonymous_0)
FN:16,(anonymous_1)
FN:61,(anonymous_2)
FN:69,(anonymous_3)
FN:71,(anonymous_4)
FN:86,(anonymous_5)
FN:102,(anonymous_6)
FNF:7
FNH:0
FNDA:0,(anonymous_0)
FNDA:0,(anonymous_1)
FNDA:0,(anonymous_2)
FNDA:0,(anonymous_3)
FNDA:0,(anonymous_4)
FNDA:0,(anonymous_5)
FNDA:0,(anonymous_6)
DA:3,0
DA:5,0
DA:6,0
DA:7,0
DA:8,0
DA:13,0
DA:16,0
DA:18,0
DA:19,0
DA:20,0
DA:21,0
DA:22,0
DA:24,0
DA:25,0
DA:26,0
DA:27,0
DA:28,0
DA:29,0
DA:30,0
DA:36,0
DA:38,0
DA:39,0
DA:41,0
DA:43,0
DA:44,0
DA:45,0
DA:47,0
DA:48,0
DA:54,0
DA:55,0
DA:57,0
DA:58,0
DA:61,0
DA:62,0
DA:63,0
DA:65,0
DA:66,0
DA:69,0
DA:70,0
DA:71,0
DA:72,0
DA:73,0
DA:74,0
DA:78,0
DA:81,0
DA:83,0
DA:86,0
DA:87,0
DA:88,0
DA:89,0
DA:90,0
DA:91,0
DA:92,0
DA:93,0
DA:95,0
DA:96,0
DA:97,0
DA:99,0
DA:102,0
DA:103,0
DA:104,0
DA:105,0
DA:106,0
DA:107,0
DA:110,0
DA:115,0
LF:66
LH:0
BRDA:7,0,0,0
BRDA:7,0,1,0
BRDA:7,1,0,0
BRDA:7,1,1,0
BRDA:25,2,0,0
BRDA:25,2,1,0
BRDA:25,3,0,0
BRDA:25,3,1,0
BRDA:26,4,0,0
BRDA:26,4,1,0
BRDA:27,5,0,0
BRDA:27,5,1,0
BRDA:28,6,0,0
BRDA:28,6,1,0
BRDA:29,7,0,0
BRDA:29,7,1,0
BRDA:38,8,0,0
BRDA:38,8,1,0
BRDA:39,9,0,0
BRDA:39,9,1,0
BRDA:44,10,0,0
BRDA:44,10,1,0
BRDA:54,11,0,0
BRDA:54,11,1,0
BRDA:54,11,2,0
BRDA:54,11,3,0
BRDA:54,11,4,0
BRDA:55,12,0,0
BRDA:55,12,1,0
BRDA:62,13,0,0
BRDA:62,13,1,0
BRDA:62,14,0,0
BRDA:62,14,1,0
BRDA:69,15,0,0
BRDA:72,16,0,0
BRDA:72,16,1,0
BRDA:72,17,0,0
BRDA:72,17,1,0
BRDA:72,17,2,0
BRDA:73,18,0,0
BRDA:73,18,1,0
BRDA:88,19,0,0
BRDA:88,19,1,0
BRDA:90,20,0,0
BRDA:90,20,1,0
BRDA:92,21,0,0
BRDA:92,21,1,0
BRDA:96,22,0,0
BRDA:96,22,1,0
BRDA:103,23,0,0
BRDA:103,23,1,0
BRDA:105,24,0,0
BRDA:105,24,1,0
BRF:53
BRH:0
end_of_record
TN:
SF:client/utils/cookie.ts
FN:3,(anonymous_0)
FN:23,(anonymous_1)
FN:30,(anonymous_2)
FN:42,(anonymous_3)
FNF:4
FNH:0
FNDA:0,(anonymous_0)
FNDA:0,(anonymous_1)
FNDA:0,(anonymous_2)
FNDA:0,(anonymous_3)
DA:3,0
DA:4,0
DA:5,0
DA:6,0
DA:7,0
DA:9,0
DA:10,0
DA:12,0
DA:13,0
DA:15,0
DA:18,0
DA:19,0
DA:23,0
DA:24,0
DA:25,0
DA:26,0
DA:28,0
DA:30,0
DA:31,0
DA:32,0
DA:33,0
DA:34,0
DA:36,0
DA:39,0
DA:42,0
DA:43,0
DA:44,0
DA:45,0
DA:46,0
DA:48,0
DA:49,0
LF:31
LH:0
BRDA:9,0,0,0
BRDA:9,0,1,0
BRDA:12,1,0,0
BRDA:12,1,1,0
BRDA:25,2,0,0
BRDA:25,2,1,0
BRDA:32,3,0,0
BRDA:32,3,1,0
BRDA:48,4,0,0
BRDA:48,4,1,0
BRF:10
BRH:0
end_of_record
TN:
SF:client/utils/fetch.ts
FN:36,(anonymous_0)
FN:57,(anonymous_1)
FN:65,(anonymous_2)
FN:71,(anonymous_3)
FN:78,(anonymous_4)
FN:99,(anonymous_5)
FN:121,(anonymous_6)
FN:220,(anonymous_7)
FN:237,(anonymous_8)
FN:269,(anonymous_9)
FN:289,(anonymous_10)
FN:315,(anonymous_11)
FN:339,(anonymous_12)
FN:344,(anonymous_13)
FN:349,(anonymous_14)
FN:354,(anonymous_15)
FN:356,(anonymous_16)
FNF:17
FNH:0
FNDA:0,(anonymous_0)
FNDA:0,(anonymous_1)
FNDA:0,(anonymous_2)
FNDA:0,(anonymous_3)
FNDA:0,(anonymous_4)
FNDA:0,(anonymous_5)
FNDA:0,(anonymous_6)
FNDA:0,(anonymous_7)
FNDA:0,(anonymous_8)
FNDA:0,(anonymous_9)
FNDA:0,(anonymous_10)
FNDA:0,(anonymous_11)
FNDA:0,(anonymous_12)
FNDA:0,(anonymous_13)
FNDA:0,(anonymous_14)
FNDA:0,(anonymous_15)
FNDA:0,(anonymous_16)
DA:7,0
DA:11,0
DA:37,0
DA:38,0
DA:39,0
DA:43,0
DA:55,0
DA:58,0
DA:59,0
DA:60,0
DA:61,0
DA:66,0
DA:67,0
DA:72,0
DA:73,0
DA:74,0
DA:79,0
DA:80,0
DA:81,0
DA:88,0
DA:99,0
DA:100,0
DA:101,0
DA:105,0
DA:106,0
DA:109,0
DA:111,0
DA:112,0
DA:121,0
DA:123,0
DA:124,0
DA:127,0
DA:129,0
DA:130,0
DA:132,0
DA:138,0
DA:140,0
DA:141,0
DA:142,0
DA:143,0
DA:145,0
DA:149,0
DA:162,0
DA:163,0
DA:164,0
DA:165,0
DA:168,0
DA:176,0
DA:177,0
DA:179,0
DA:183,0
DA:184,0
DA:186,0
DA:187,0
DA:188,0
DA:190,0
DA:191,0
DA:196,0
DA:202,0
DA:204,0
DA:205,0
DA:210,0
DA:211,0
DA:220,0
DA:231,0
DA:233,0
DA:238,0
DA:240,0
DA:242,0
DA:243,0
DA:244,0
DA:248,0
DA:249,0
DA:252,0
DA:253,0
DA:260,0
DA:261,0
DA:263,0
DA:266,0
DA:270,0
DA:272,0
DA:273,0
DA:274,0
DA:278,0
DA:279,0
DA:280,0
DA:283,0
DA:285,0
DA:286,0
DA:290,0
DA:292,0
DA:293,0
DA:294,0
DA:296,0
DA:297,0
DA:298,0
DA:305,0
DA:306,0
DA:309,0
DA:315,0
DA:316,0
DA:317,0
DA:318,0
DA:319,0
DA:324,0
DA:329,0
DA:339,0
DA:340,0
DA:344,0
DA:345,0
DA:349,0
DA:350,0
DA:354,0
DA:355,0
DA:356,0
DA:358,0
LF:116
LH:0
BRDA:39,0,0,0
BRDA:39,0,1,0
BRDA:39,0,2,0
BRDA:59,1,0,0
BRDA:59,1,1,0
BRDA:60,2,0,0
BRDA:60,2,1,0
BRDA:67,3,0,0
BRDA:67,3,1,0
BRDA:72,4,0,0
BRDA:72,4,1,0
BRDA:73,5,0,0
BRDA:73,5,1,0
BRDA:82,6,0,0
BRDA:82,6,1,0
BRDA:82,6,2,0
BRDA:82,6,3,0
BRDA:82,6,4,0
BRDA:82,6,5,0
BRDA:105,7,0,0
BRDA:105,7,1,0
BRDA:121,8,0,0
BRDA:123,9,0,0
BRDA:123,9,1,0
BRDA:138,10,0,0
BRDA:138,10,1,0
BRDA:140,11,0,0
BRDA:140,11,1,0
BRDA:164,12,0,0
BRDA:164,12,1,0
BRDA:164,13,0,0
BRDA:164,13,1,0
BRDA:176,14,0,0
BRDA:176,14,1,0
BRDA:183,15,0,0
BRDA:183,15,1,0
BRDA:183,16,0,0
BRDA:183,16,1,0
BRDA:186,17,0,0
BRDA:186,17,1,0
BRDA:222,18,0,0
BRDA:231,19,0,0
BRDA:231,20,0,0
BRDA:243,21,0,0
BRDA:243,21,1,0
BRDA:252,22,0,0
BRDA:252,22,1,0
BRDA:260,23,0,0
BRDA:260,23,1,0
BRDA:260,24,0,0
BRDA:260,24,1,0
BRDA:273,25,0,0
BRDA:273,25,1,0
BRDA:278,26,0,0
BRDA:278,26,1,0
BRDA:292,27,0,0
BRDA:292,27,1,0
BRDA:293,28,0,0
BRDA:293,28,1,0
BRDA:296,29,0,0
BRDA:296,29,1,0
BRDA:297,30,0,0
BRDA:297,30,1,0
BRDA:305,31,0,0
BRDA:305,31,1,0
BRDA:318,32,0,0
BRDA:318,32,1,0
BRDA:331,33,0,0
BRDA:331,33,1,0
BRDA:350,34,0,0
BRDA:350,34,1,0
BRDA:355,35,0,0
BRDA:355,35,1,0
BRF:73
BRH:0
end_of_record
TN:
SF:client/utils/i18n.ts
FN:8,(anonymous_0)
FN:22,(anonymous_1)
FN:30,(anonymous_2)
FN:41,(anonymous_3)
FN:55,(anonymous_4)
FN:66,(anonymous_5)
FN:71,(anonymous_6)
FNF:7
FNH:0
FNDA:0,(anonymous_0)
FNDA:0,(anonymous_1)
FNDA:0,(anonymous_2)
FNDA:0,(anonymous_3)
FNDA:0,(anonymous_4)
FNDA:0,(anonymous_5)
FNDA:0,(anonymous_6)
DA:8,0
DA:9,0
DA:11,0
DA:13,0
DA:15,0
DA:17,0
DA:22,0
DA:23,0
DA:24,0
DA:26,0
DA:31,0
DA:32,0
DA:33,0
DA:41,0
DA:42,0
DA:48,0
DA:55,0
DA:56,0
DA:58,0
DA:66,0
DA:67,0
DA:71,0
DA:72,0
DA:75,0
DA:76,0
DA:79,0
DA:80,0
DA:81,0
DA:82,0
DA:83,0
DA:84,0
DA:86,0
LF:32
LH:0
BRDA:9,0,0,0
BRDA:9,0,1,0
BRDA:9,0,2,0
BRDA:9,0,3,0
BRDA:22,1,0,0
BRDA:28,2,0,0
BRDA:28,2,1,0
BRDA:28,3,0,0
BRDA:28,3,1,0
BRDA:31,4,0,0
BRDA:31,4,1,0
BRDA:41,5,0,0
BRDA:50,6,0,0
BRDA:50,6,1,0
BRDA:55,7,0,0
BRDA:56,8,0,0
BRDA:56,8,1,0
BRDA:66,9,0,0
BRDA:72,10,0,0
BRDA:72,10,1,0
BRDA:75,11,0,0
BRDA:75,11,1,0
BRF:22
BRH:0
end_of_record
TN:
SF:client/utils/menu.tsx
FN:4,(anonymous_0)
FNF:1
FNH:0
FNDA:0,(anonymous_0)
DA:4,0
DA:5,0
DA:7,0
LF:3
LH:0
BRDA:17,0,0,0
BRDA:17,0,1,0
BRF:2
BRH:0
end_of_record
TN:
SF:client/utils/navigation.ts
FN:8,(anonymous_0)
FN:29,(anonymous_1)
FN:41,(anonymous_2)
FNF:3
FNH:0
FNDA:0,(anonymous_0)
FNDA:0,(anonymous_1)
FNDA:0,(anonymous_2)
DA:8,0
DA:10,0
DA:12,0
DA:13,0
DA:16,0
DA:17,0
DA:19,0
DA:22,0
DA:29,0
DA:31,0
DA:33,0
DA:41,0
DA:43,0
DA:45,0
DA:46,0
DA:49,0
DA:51,0
DA:54,0
DA:57,0
LF:19
LH:0
BRDA:10,0,0,0
BRDA:10,0,1,0
BRDA:12,1,0,0
BRDA:12,1,1,0
BRDA:16,2,0,0
BRDA:16,2,1,0
BRDA:31,3,0,0
BRDA:31,3,1,0
BRDA:41,4,0,0
BRDA:43,5,0,0
BRDA:43,5,1,0
BRDA:45,6,0,0
BRDA:45,6,1,0
BRDA:49,7,0,0
BRDA:49,7,1,0
BRDA:49,8,0,0
BRDA:49,8,1,0
BRF:17
BRH:0
end_of_record
TN:
SF:client/utils/sso.ts
FN:7,(anonymous_0)
FN:8,(anonymous_1)
FN:10,(anonymous_2)
FN:15,(anonymous_3)
FN:20,(anonymous_4)
FN:35,(anonymous_5)
FN:68,(anonymous_6)
FN:77,(anonymous_7)
FN:86,(anonymous_8)
FN:99,(anonymous_9)
FN:105,(anonymous_10)
FN:124,(anonymous_11)
FN:132,(anonymous_12)
FN:145,(anonymous_13)
FN:162,(anonymous_14)
FN:167,(anonymous_15)
FN:201,(anonymous_16)
FN:219,(anonymous_17)
FN:223,(anonymous_18)
FN:236,(anonymous_19)
FN:242,(anonymous_20)
FNF:21
FNH:0
FNDA:0,(anonymous_0)
FNDA:0,(anonymous_1)
FNDA:0,(anonymous_2)
FNDA:0,(anonymous_3)
FNDA:0,(anonymous_4)
FNDA:0,(anonymous_5)
FNDA:0,(anonymous_6)
FNDA:0,(anonymous_7)
FNDA:0,(anonymous_8)
FNDA:0,(anonymous_9)
FNDA:0,(anonymous_10)
FNDA:0,(anonymous_11)
FNDA:0,(anonymous_12)
FNDA:0,(anonymous_13)
FNDA:0,(anonymous_14)
FNDA:0,(anonymous_15)
FNDA:0,(anonymous_16)
FNDA:0,(anonymous_17)
FNDA:0,(anonymous_18)
FNDA:0,(anonymous_19)
FNDA:0,(anonymous_20)
DA:7,0
DA:8,0
DA:10,0
DA:11,0
DA:12,0
DA:15,0
DA:16,0
DA:17,0
DA:20,0
DA:21,0
DA:22,0
DA:23,0
DA:24,0
DA:25,0
DA:26,0
DA:28,0
DA:30,0
DA:31,0
DA:32,0
DA:33,0
DA:35,0
DA:36,0
DA:37,0
DA:38,0
DA:40,0
DA:41,0
DA:42,0
DA:44,0
DA:45,0
DA:50,0
DA:52,0
DA:53,0
DA:58,0
DA:59,0
DA:60,0
DA:62,0
DA:65,0
DA:68,0
DA:69,0
DA:70,0
DA:72,0
DA:73,0
DA:77,0
DA:78,0
DA:80,0
DA:81,0
DA:84,0
DA:87,0
DA:88,0
DA:89,0
DA:90,0
DA:91,0
DA:93,0
DA:96,0
DA:100,0
DA:101,0
DA:105,0
DA:106,0
DA:107,0
DA:117,0
DA:118,0
DA:120,0
DA:124,0
DA:125,0
DA:126,0
DA:129,0
DA:132,0
DA:133,0
DA:135,0
DA:136,0
DA:138,0
DA:139,0
DA:143,0
DA:146,0
DA:147,0
DA:148,0
DA:149,0
DA:150,0
DA:151,0
DA:153,0
DA:156,0
DA:159,0
DA:163,0
DA:167,0
DA:168,0
DA:170,0
DA:171,0
DA:174,0
DA:175,0
DA:176,0
DA:180,0
DA:181,0
DA:182,0
DA:184,0
DA:185,0
DA:188,0
DA:190,0
DA:194,0
DA:197,0
DA:201,0
DA:202,0
DA:203,0
DA:205,0
DA:206,0
DA:210,0
DA:211,0
DA:212,0
DA:213,0
DA:215,0
DA:216,0
DA:218,0
DA:220,0
DA:221,0
DA:224,0
DA:225,0
DA:227,0
DA:228,0
DA:229,0
DA:230,0
DA:233,0
DA:234,0
DA:237,0
DA:238,0
DA:242,0
DA:243,0
LF:125
LH:0
BRDA:22,0,0,0
BRDA:22,0,1,0
BRDA:24,1,0,0
BRDA:24,1,1,0
BRDA:30,2,0,0
BRDA:30,2,1,0
BRDA:32,3,0,0
BRDA:32,3,1,0
BRDA:36,4,0,0
BRDA:36,4,1,0
BRDA:42,5,0,0
BRDA:42,5,1,0
BRDA:44,6,0,0
BRDA:44,6,1,0
BRDA:52,7,0,0
BRDA:52,7,1,0
BRDA:59,8,0,0
BRDA:59,8,1,0
BRDA:72,9,0,0
BRDA:72,9,1,0
BRDA:80,10,0,0
BRDA:80,10,1,0
BRDA:88,11,0,0
BRDA:88,11,1,0
BRDA:90,12,0,0
BRDA:90,12,1,0
BRDA:106,13,0,0
BRDA:106,13,1,0
BRDA:125,14,0,0
BRDA:125,14,1,0
BRDA:132,15,0,0
BRDA:135,16,0,0
BRDA:135,16,1,0
BRDA:138,17,0,0
BRDA:138,17,1,0
BRDA:146,18,0,0
BRDA:146,18,1,0
BRDA:148,19,0,0
BRDA:148,19,1,0
BRDA:150,20,0,0
BRDA:150,20,1,0
BRDA:170,21,0,0
BRDA:170,21,1,0
BRDA:174,22,0,0
BRDA:174,22,1,0
BRDA:180,23,0,0
BRDA:180,23,1,0
BRDA:184,24,0,0
BRDA:184,24,1,0
BRDA:202,25,0,0
BRDA:202,25,1,0
BRDA:205,26,0,0
BRDA:205,26,1,0
BRDA:225,27,0,0
BRDA:225,27,1,0
BRDA:225,28,0,0
BRDA:225,28,1,0
BRDA:227,29,0,0
BRDA:227,29,1,0
BRF:59
BRH:0
end_of_record
TN:
SF:client/utils/suppressWarnings.ts
FN:9,(anonymous_0)
FN:21,(anonymous_1)
FNF:2
FNH:0
FNDA:0,(anonymous_0)
FNDA:0,(anonymous_1)
DA:4,0
DA:6,0
DA:7,0
DA:9,0
DA:10,0
DA:11,0
DA:16,0
DA:18,0
DA:21,0
DA:22,0
DA:23,0
DA:28,0
DA:30,0
LF:13
LH:0
BRDA:4,0,0,0
BRDA:4,0,1,0
BRDA:11,1,0,0
BRDA:11,1,1,0
BRDA:12,2,0,0
BRDA:12,2,1,0
BRDA:12,2,2,0
BRDA:23,3,0,0
BRDA:23,3,1,0
BRDA:24,4,0,0
BRDA:24,4,1,0
BRDA:24,4,2,0
BRF:12
BRH:0
end_of_record
TN:
SF:pages/_app.tsx
FN:26,(anonymous_0)
FN:47,(anonymous_1)
FN:51,(anonymous_2)
FN:59,(anonymous_3)
FN:94,(anonymous_4)
FN:102,(anonymous_5)
FNF:6
FNH:0
FNDA:0,(anonymous_0)
FNDA:0,(anonymous_1)
FNDA:0,(anonymous_2)
FNDA:0,(anonymous_3)
FNDA:0,(anonymous_4)
FNDA:0,(anonymous_5)
DA:20,0
DA:26,0
DA:27,0
DA:28,0
DA:29,0
DA:30,0
DA:31,0
DA:32,0
DA:33,0
DA:38,0
DA:45,0
DA:47,0
DA:48,0
DA:51,0
DA:53,0
DA:54,0
DA:55,0
DA:59,0
DA:60,0
DA:63,0
DA:64,0
DA:65,0
DA:66,0
DA:70,0
DA:72,0
DA:78,0
DA:79,0
DA:80,0
DA:81,0
DA:85,0
DA:88,0
DA:89,0
DA:90,0
DA:94,0
DA:95,0
DA:96,0
DA:98,0
DA:102,0
DA:103,0
DA:104,0
DA:109,0
LF:41
LH:0
BRDA:38,0,0,0
BRDA:38,0,1,0
BRDA:38,0,2,0
BRDA:38,0,3,0
BRDA:38,0,4,0
BRDA:53,1,0,0
BRDA:53,1,1,0
BRDA:54,2,0,0
BRDA:54,2,1,0
BRDA:60,3,0,0
BRDA:60,3,1,0
BRDA:63,4,0,0
BRDA:63,4,1,0
BRDA:70,5,0,0
BRDA:70,5,1,0
BRDA:72,6,0,0
BRDA:72,6,1,0
BRDA:72,6,2,0
BRDA:72,6,3,0
BRDA:78,7,0,0
BRDA:78,7,1,0
BRDA:78,8,0,0
BRDA:78,8,1,0
BRDA:85,9,0,0
BRDA:85,9,1,0
BRDA:88,10,0,0
BRDA:88,10,1,0
BRDA:88,11,0,0
BRDA:88,11,1,0
BRDA:95,12,0,0
BRDA:95,12,1,0
BRDA:103,13,0,0
BRDA:103,13,1,0
BRDA:115,14,0,0
BRDA:115,14,1,0
BRDA:118,15,0,0
BRDA:118,15,1,0
BRDA:122,16,0,0
BRDA:122,16,1,0
BRDA:123,17,0,0
BRDA:123,17,1,0
BRF:41
BRH:0
end_of_record
TN:
SF:pages/_document.tsx
FN:4,(anonymous_0)
FN:241,(anonymous_1)
FN:246,(anonymous_2)
FN:248,(anonymous_3)
FN:248,(anonymous_4)
FNF:5
FNH:0
FNDA:0,(anonymous_0)
FNDA:0,(anonymous_1)
FNDA:0,(anonymous_2)
FNDA:0,(anonymous_3)
FNDA:0,(anonymous_4)
DA:4,0
DA:6,0
DA:8,0
DA:241,0
DA:242,0
DA:243,0
DA:245,0
DA:246,0
DA:247,0
DA:248,0
DA:251,0
DA:253,0
DA:259,0
LF:13
LH:0
BRDA:6,0,0,0
BRDA:6,0,1,0
BRDA:255,1,0,0
BRDA:255,1,1,0
BRF:4
BRH:0
end_of_record
TN:
SF:pages/index.tsx
FN:10,(anonymous_0)
FN:161,(anonymous_1)
FNF:2
FNH:0
FNDA:0,(anonymous_0)
FNDA:0,(anonymous_1)
DA:8,0
DA:10,0
DA:11,0
DA:13,0
DA:161,0
DA:162,0
DA:164,0
DA:165,0
DA:173,0
DA:180,0
LF:10
LH:0
BRDA:162,0,0,0
BRDA:162,0,1,0
BRF:2
BRH:0
end_of_record
TN:
SF:pages/login.tsx
FN:30,(anonymous_0)
FN:38,(anonymous_1)
FN:44,(anonymous_2)
FN:50,(anonymous_3)
FN:62,(anonymous_4)
FN:71,(anonymous_5)
FN:87,(anonymous_6)
FN:91,(anonymous_7)
FN:136,(anonymous_8)
FN:141,(anonymous_9)
FNF:10
FNH:0
FNDA:0,(anonymous_0)
FNDA:0,(anonymous_1)
FNDA:0,(anonymous_2)
FNDA:0,(anonymous_3)
FNDA:0,(anonymous_4)
FNDA:0,(anonymous_5)
FNDA:0,(anonymous_6)
FNDA:0,(anonymous_7)
FNDA:0,(anonymous_8)
FNDA:0,(anonymous_9)
DA:16,0
DA:26,0
DA:28,0
DA:30,0
DA:31,0
DA:32,0
DA:33,0
DA:34,0
DA:35,0
DA:38,0
DA:39,0
DA:41,0
DA:44,0
DA:45,0
DA:50,0
DA:51,0
DA:53,0
DA:54,0
DA:55,0
DA:57,0
DA:58,0
DA:59,0
DA:62,0
DA:63,0
DA:65,0
DA:70,0
DA:71,0
DA:73,0
DA:74,0
DA:79,0
DA:81,0
DA:82,0
DA:87,0
DA:88,0
DA:91,0
DA:92,0
DA:95,0
DA:136,0
DA:137,0
DA:140,0
DA:141,0
DA:142,0
DA:145,0
DA:146,0
DA:154,0
DA:162,0
LF:46
LH:0
BRDA:51,0,0,0
BRDA:51,0,1,0
BRDA:51,1,0,0
BRDA:51,1,1,0
BRDA:53,2,0,0
BRDA:53,2,1,0
BRDA:57,3,0,0
BRDA:57,3,1,0
BRDA:63,4,0,0
BRDA:63,4,1,0
BRDA:63,5,0,0
BRDA:63,5,1,0
BRDA:70,6,0,0
BRDA:70,6,1,0
BRDA:70,7,0,0
BRDA:70,7,1,0
BRDA:73,8,0,0
BRDA:73,8,1,0
BRDA:81,9,0,0
BRDA:81,9,1,0
BRDA:82,10,0,0
BRDA:82,10,1,0
BRDA:137,11,0,0
BRDA:137,11,1,0
BRF:24
BRH:0
end_of_record
TN:
SF:pages/address/manage.tsx
FN:38,(anonymous_0)
FN:66,(anonymous_1)
FN:70,(anonymous_2)
FN:78,(anonymous_3)
FN:83,(anonymous_4)
FN:95,(anonymous_5)
FN:104,(anonymous_6)
FN:115,(anonymous_7)
FN:125,(anonymous_8)
FN:133,(anonymous_9)
FN:141,(anonymous_10)
FN:149,(anonymous_11)
FN:157,(anonymous_12)
FN:165,(anonymous_13)
FN:177,(anonymous_14)
FN:183,(anonymous_15)
FN:192,(anonymous_16)
FN:206,(anonymous_17)
FN:211,(anonymous_18)
FN:224,(anonymous_19)
FN:239,(anonymous_20)
FN:245,(anonymous_21)
FN:252,(anonymous_22)
FN:256,(anonymous_23)
FN:262,(anonymous_24)
FN:314,(anonymous_25)
FN:318,(anonymous_26)
FN:323,(anonymous_27)
FN:327,(anonymous_28)
FN:333,(anonymous_29)
FN:333,(anonymous_30)
FN:339,(anonymous_31)
FN:356,(anonymous_32)
FN:360,(anonymous_33)
FN:370,(anonymous_34)
FN:374,(anonymous_35)
FN:377,(anonymous_36)
FN:394,(anonymous_37)
FN:401,(anonymous_38)
FN:452,(anonymous_39)
FN:458,(anonymous_40)
FN:459,(anonymous_41)
FN:491,(anonymous_42)
FN:501,(anonymous_43)
FN:511,(anonymous_44)
FN:521,(anonymous_45)
FN:531,(anonymous_46)
FN:541,(anonymous_47)
FN:551,(anonymous_48)
FN:561,(anonymous_49)
FN:571,getServerSideProps
FN:576,(anonymous_51)
FNF:52
FNH:0
FNDA:0,(anonymous_0)
FNDA:0,(anonymous_1)
FNDA:0,(anonymous_2)
FNDA:0,(anonymous_3)
FNDA:0,(anonymous_4)
FNDA:0,(anonymous_5)
FNDA:0,(anonymous_6)
FNDA:0,(anonymous_7)
FNDA:0,(anonymous_8)
FNDA:0,(anonymous_9)
FNDA:0,(anonymous_10)
FNDA:0,(anonymous_11)
FNDA:0,(anonymous_12)
FNDA:0,(anonymous_13)
FNDA:0,(anonymous_14)
FNDA:0,(anonymous_15)
FNDA:0,(anonymous_16)
FNDA:0,(anonymous_17)
FNDA:0,(anonymous_18)
FNDA:0,(anonymous_19)
FNDA:0,(anonymous_20)
FNDA:0,(anonymous_21)
FNDA:0,(anonymous_22)
FNDA:0,(anonymous_23)
FNDA:0,(anonymous_24)
FNDA:0,(anonymous_25)
FNDA:0,(anonymous_26)
FNDA:0,(anonymous_27)
FNDA:0,(anonymous_28)
FNDA:0,(anonymous_29)
FNDA:0,(anonymous_30)
FNDA:0,(anonymous_31)
FNDA:0,(anonymous_32)
FNDA:0,(anonymous_33)
FNDA:0,(anonymous_34)
FNDA:0,(anonymous_35)
FNDA:0,(anonymous_36)
FNDA:0,(anonymous_37)
FNDA:0,(anonymous_38)
FNDA:0,(anonymous_39)
FNDA:0,(anonymous_40)
FNDA:0,(anonymous_41)
FNDA:0,(anonymous_42)
FNDA:0,(anonymous_43)
FNDA:0,(anonymous_44)
FNDA:0,(anonymous_45)
FNDA:0,(anonymous_46)
FNDA:0,(anonymous_47)
FNDA:0,(anonymous_48)
FNDA:0,(anonymous_49)
FNDA:0,getServerSideProps
FNDA:0,(anonymous_51)
DA:36,0
DA:38,0
DA:39,0
DA:40,0
DA:41,0
DA:42,0
DA:43,0
DA:44,0
DA:45,0
DA:46,0
DA:47,0
DA:48,0
DA:49,0
DA:50,0
DA:51,0
DA:52,0
DA:53,0
DA:55,0
DA:66,0
DA:67,0
DA:70,0
DA:72,0
DA:74,0
DA:75,0
DA:78,0
DA:79,0
DA:80,0
DA:83,0
DA:84,0
DA:86,0
DA:87,0
DA:92,0
DA:95,0
DA:97,0
DA:98,0
DA:101,0
DA:102,0
DA:104,0
DA:105,0
DA:106,0
DA:109,0
DA:110,0
DA:115,0
DA:125,0
DA:133,0
DA:141,0
DA:149,0
DA:157,0
DA:165,0
DA:178,0
DA:184,0
DA:193,0
DA:194,0
DA:205,0
DA:207,0
DA:211,0
DA:212,0
DA:213,0
DA:214,0
DA:215,0
DA:216,0
DA:217,0
DA:218,0
DA:219,0
DA:220,0
DA:221,0
DA:224,0
DA:225,0
DA:227,0
DA:228,0
DA:229,0
DA:230,0
DA:231,0
DA:232,0
DA:233,0
DA:234,0
DA:235,0
DA:236,0
DA:239,0
DA:240,0
DA:246,0
DA:247,0
DA:252,0
DA:253,0
DA:256,0
DA:257,0
DA:258,0
DA:259,0
DA:262,0
DA:263,0
DA:275,0
DA:276,0
DA:277,0
DA:278,0
DA:279,0
DA:280,0
DA:282,0
DA:286,0
DA:287,0
DA:288,0
DA:289,0
DA:290,0
DA:291,0
DA:293,0
DA:298,0
DA:300,0
DA:301,0
DA:303,0
DA:305,0
DA:308,0
DA:310,0
DA:314,0
DA:315,0
DA:318,0
DA:319,0
DA:320,0
DA:323,0
DA:324,0
DA:325,0
DA:326,0
DA:327,0
DA:330,0
DA:333,0
DA:336,0
DA:339,0
DA:340,0
DA:344,0
DA:354,0
DA:357,0
DA:358,0
DA:364,0
DA:368,0
DA:371,0
DA:372,0
DA:375,0
DA:379,0
DA:381,0
DA:382,0
DA:383,0
DA:385,0
DA:386,0
DA:387,0
DA:388,0
DA:390,0
DA:394,0
DA:395,0
DA:396,0
DA:402,0
DA:403,0
DA:407,0
DA:411,0
DA:452,0
DA:458,0
DA:460,0
DA:461,0
DA:491,0
DA:501,0
DA:511,0
DA:521,0
DA:531,0
DA:541,0
DA:551,0
DA:561,0
DA:572,0
DA:574,0
DA:576,0
DA:577,0
DA:578,0
DA:581,0
DA:582,0
DA:584,0
LF:171
LH:0
BRDA:41,0,0,0
BRDA:41,0,1,0
BRDA:72,1,0,0
BRDA:72,1,1,0
BRDA:97,2,0,0
BRDA:97,2,1,0
BRDA:101,3,0,0
BRDA:101,3,1,0
BRDA:258,4,0,0
BRDA:258,4,1,0
BRDA:276,5,0,0
BRDA:276,5,1,0
BRDA:276,6,0,0
BRDA:276,6,1,0
BRDA:276,6,2,0
BRDA:278,7,0,0
BRDA:278,7,1,0
BRDA:287,8,0,0
BRDA:287,8,1,0
BRDA:287,9,0,0
BRDA:287,9,1,0
BRDA:287,9,2,0
BRDA:289,10,0,0
BRDA:289,10,1,0
BRDA:300,11,0,0
BRDA:300,11,1,0
BRDA:301,12,0,0
BRDA:301,12,1,0
BRDA:324,13,0,0
BRDA:324,13,1,0
BRDA:379,14,0,0
BRDA:379,14,1,0
BRDA:381,15,0,0
BRDA:381,15,1,0
BRDA:386,16,0,0
BRDA:386,16,1,0
BRDA:395,17,0,0
BRDA:395,17,1,0
BRDA:452,18,0,0
BRDA:452,18,1,0
BRDA:469,19,0,0
BRDA:469,19,1,0
BRDA:582,20,0,0
BRDA:582,20,1,0
BRF:44
BRH:0
end_of_record
TN:
SF:pages/banner/manage.tsx
FN:39,(anonymous_0)
FN:62,(anonymous_1)
FN:66,(anonymous_2)
FN:74,(anonymous_3)
FN:79,(anonymous_4)
FN:91,(anonymous_5)
FN:100,(anonymous_6)
FN:111,(anonymous_7)
FN:119,(anonymous_8)
FN:127,(anonymous_9)
FN:135,(anonymous_10)
FN:145,(anonymous_11)
FN:155,(anonymous_12)
FN:161,(anonymous_13)
FN:170,(anonymous_14)
FN:184,(anonymous_15)
FN:189,(anonymous_16)
FN:199,(anonymous_17)
FN:211,(anonymous_18)
FN:217,(anonymous_19)
FN:224,(anonymous_20)
FN:228,(anonymous_21)
FN:234,(anonymous_22)
FN:272,(anonymous_23)
FN:276,(anonymous_24)
FN:281,(anonymous_25)
FN:285,(anonymous_26)
FN:291,(anonymous_27)
FN:291,(anonymous_28)
FN:297,(anonymous_29)
FN:312,(anonymous_30)
FN:316,(anonymous_31)
FN:326,(anonymous_32)
FN:330,(anonymous_33)
FN:333,(anonymous_34)
FN:350,(anonymous_35)
FN:357,(anonymous_36)
FN:383,(anonymous_37)
FN:414,(anonymous_38)
FN:420,(anonymous_39)
FN:421,(anonymous_40)
FN:453,(anonymous_41)
FN:463,(anonymous_42)
FN:473,(anonymous_43)
FN:483,(anonymous_44)
FN:493,(anonymous_45)
FN:503,getServerSideProps
FN:508,(anonymous_47)
FNF:48
FNH:0
FNDA:0,(anonymous_0)
FNDA:0,(anonymous_1)
FNDA:0,(anonymous_2)
FNDA:0,(anonymous_3)
FNDA:0,(anonymous_4)
FNDA:0,(anonymous_5)
FNDA:0,(anonymous_6)
FNDA:0,(anonymous_7)
FNDA:0,(anonymous_8)
FNDA:0,(anonymous_9)
FNDA:0,(anonymous_10)
FNDA:0,(anonymous_11)
FNDA:0,(anonymous_12)
FNDA:0,(anonymous_13)
FNDA:0,(anonymous_14)
FNDA:0,(anonymous_15)
FNDA:0,(anonymous_16)
FNDA:0,(anonymous_17)
FNDA:0,(anonymous_18)
FNDA:0,(anonymous_19)
FNDA:0,(anonymous_20)
FNDA:0,(anonymous_21)
FNDA:0,(anonymous_22)
FNDA:0,(anonymous_23)
FNDA:0,(anonymous_24)
FNDA:0,(anonymous_25)
FNDA:0,(anonymous_26)
FNDA:0,(anonymous_27)
FNDA:0,(anonymous_28)
FNDA:0,(anonymous_29)
FNDA:0,(anonymous_30)
FNDA:0,(anonymous_31)
FNDA:0,(anonymous_32)
FNDA:0,(anonymous_33)
FNDA:0,(anonymous_34)
FNDA:0,(anonymous_35)
FNDA:0,(anonymous_36)
FNDA:0,(anonymous_37)
FNDA:0,(anonymous_38)
FNDA:0,(anonymous_39)
FNDA:0,(anonymous_40)
FNDA:0,(anonymous_41)
FNDA:0,(anonymous_42)
FNDA:0,(anonymous_43)
FNDA:0,(anonymous_44)
FNDA:0,(anonymous_45)
FNDA:0,getServerSideProps
FNDA:0,(anonymous_47)
DA:37,0
DA:39,0
DA:40,0
DA:41,0
DA:42,0
DA:43,0
DA:44,0
DA:45,0
DA:46,0
DA:47,0
DA:48,0
DA:49,0
DA:50,0
DA:51,0
DA:52,0
DA:54,0
DA:62,0
DA:63,0
DA:66,0
DA:68,0
DA:70,0
DA:71,0
DA:74,0
DA:75,0
DA:76,0
DA:79,0
DA:80,0
DA:82,0
DA:83,0
DA:88,0
DA:91,0
DA:93,0
DA:94,0
DA:97,0
DA:98,0
DA:100,0
DA:101,0
DA:102,0
DA:105,0
DA:106,0
DA:111,0
DA:119,0
DA:127,0
DA:135,0
DA:145,0
DA:156,0
DA:162,0
DA:171,0
DA:172,0
DA:183,0
DA:185,0
DA:189,0
DA:190,0
DA:191,0
DA:192,0
DA:193,0
DA:194,0
DA:195,0
DA:196,0
DA:199,0
DA:200,0
DA:202,0
DA:203,0
DA:204,0
DA:205,0
DA:206,0
DA:207,0
DA:208,0
DA:211,0
DA:212,0
DA:218,0
DA:219,0
DA:224,0
DA:225,0
DA:228,0
DA:229,0
DA:230,0
DA:231,0
DA:234,0
DA:235,0
DA:244,0
DA:245,0
DA:246,0
DA:247,0
DA:248,0
DA:249,0
DA:251,0
DA:256,0
DA:258,0
DA:259,0
DA:261,0
DA:263,0
DA:266,0
DA:268,0
DA:272,0
DA:273,0
DA:276,0
DA:277,0
DA:278,0
DA:281,0
DA:282,0
DA:283,0
DA:284,0
DA:285,0
DA:288,0
DA:291,0
DA:294,0
DA:297,0
DA:298,0
DA:302,0
DA:310,0
DA:313,0
DA:314,0
DA:320,0
DA:324,0
DA:327,0
DA:328,0
DA:331,0
DA:335,0
DA:337,0
DA:338,0
DA:339,0
DA:341,0
DA:342,0
DA:343,0
DA:344,0
DA:346,0
DA:350,0
DA:351,0
DA:352,0
DA:358,0
DA:359,0
DA:363,0
DA:367,0
DA:383,0
DA:414,0
DA:420,0
DA:422,0
DA:423,0
DA:453,0
DA:463,0
DA:473,0
DA:483,0
DA:493,0
DA:504,0
DA:506,0
DA:508,0
DA:509,0
DA:510,0
DA:513,0
DA:514,0
DA:516,0
LF:152
LH:0
BRDA:42,0,0,0
BRDA:42,0,1,0
BRDA:68,1,0,0
BRDA:68,1,1,0
BRDA:93,2,0,0
BRDA:93,2,1,0
BRDA:97,3,0,0
BRDA:97,3,1,0
BRDA:230,4,0,0
BRDA:230,4,1,0
BRDA:245,5,0,0
BRDA:245,5,1,0
BRDA:245,6,0,0
BRDA:245,6,1,0
BRDA:245,6,2,0
BRDA:247,7,0,0
BRDA:247,7,1,0
BRDA:258,8,0,0
BRDA:258,8,1,0
BRDA:259,9,0,0
BRDA:259,9,1,0
BRDA:282,10,0,0
BRDA:282,10,1,0
BRDA:335,11,0,0
BRDA:335,11,1,0
BRDA:337,12,0,0
BRDA:337,12,1,0
BRDA:342,13,0,0
BRDA:342,13,1,0
BRDA:351,14,0,0
BRDA:351,14,1,0
BRDA:414,15,0,0
BRDA:414,15,1,0
BRDA:431,16,0,0
BRDA:431,16,1,0
BRDA:514,17,0,0
BRDA:514,17,1,0
BRF:37
BRH:0
end_of_record
TN:
SF:pages/cart/manage.tsx
FN:38,(anonymous_0)
FN:64,(anonymous_1)
FN:68,(anonymous_2)
FN:76,(anonymous_3)
FN:81,(anonymous_4)
FN:93,(anonymous_5)
FN:102,(anonymous_6)
FN:113,(anonymous_7)
FN:123,(anonymous_8)
FN:133,(anonymous_9)
FN:141,(anonymous_10)
FN:156,(anonymous_11)
FN:166,(anonymous_12)
FN:178,(anonymous_13)
FN:184,(anonymous_14)
FN:193,(anonymous_15)
FN:207,(anonymous_16)
FN:212,(anonymous_17)
FN:224,(anonymous_18)
FN:238,(anonymous_19)
FN:244,(anonymous_20)
FN:251,(anonymous_21)
FN:255,(anonymous_22)
FN:261,(anonymous_23)
FN:345,(anonymous_24)
FN:349,(anonymous_25)
FN:354,(anonymous_26)
FN:358,(anonymous_27)
FN:364,(anonymous_28)
FN:364,(anonymous_29)
FN:370,(anonymous_30)
FN:387,(anonymous_31)
FN:391,(anonymous_32)
FN:401,(anonymous_33)
FN:405,(anonymous_34)
FN:408,(anonymous_35)
FN:425,(anonymous_36)
FN:432,(anonymous_37)
FN:483,(anonymous_38)
FN:489,(anonymous_39)
FN:490,(anonymous_40)
FN:522,(anonymous_41)
FN:532,(anonymous_42)
FN:542,(anonymous_43)
FN:552,(anonymous_44)
FN:562,(anonymous_45)
FN:572,(anonymous_46)
FN:582,(anonymous_47)
FN:592,getServerSideProps
FN:597,(anonymous_49)
FNF:50
FNH:0
FNDA:0,(anonymous_0)
FNDA:0,(anonymous_1)
FNDA:0,(anonymous_2)
FNDA:0,(anonymous_3)
FNDA:0,(anonymous_4)
FNDA:0,(anonymous_5)
FNDA:0,(anonymous_6)
FNDA:0,(anonymous_7)
FNDA:0,(anonymous_8)
FNDA:0,(anonymous_9)
FNDA:0,(anonymous_10)
FNDA:0,(anonymous_11)
FNDA:0,(anonymous_12)
FNDA:0,(anonymous_13)
FNDA:0,(anonymous_14)
FNDA:0,(anonymous_15)
FNDA:0,(anonymous_16)
FNDA:0,(anonymous_17)
FNDA:0,(anonymous_18)
FNDA:0,(anonymous_19)
FNDA:0,(anonymous_20)
FNDA:0,(anonymous_21)
FNDA:0,(anonymous_22)
FNDA:0,(anonymous_23)
FNDA:0,(anonymous_24)
FNDA:0,(anonymous_25)
FNDA:0,(anonymous_26)
FNDA:0,(anonymous_27)
FNDA:0,(anonymous_28)
FNDA:0,(anonymous_29)
FNDA:0,(anonymous_30)
FNDA:0,(anonymous_31)
FNDA:0,(anonymous_32)
FNDA:0,(anonymous_33)
FNDA:0,(anonymous_34)
FNDA:0,(anonymous_35)
FNDA:0,(anonymous_36)
FNDA:0,(anonymous_37)
FNDA:0,(anonymous_38)
FNDA:0,(anonymous_39)
FNDA:0,(anonymous_40)
FNDA:0,(anonymous_41)
FNDA:0,(anonymous_42)
FNDA:0,(anonymous_43)
FNDA:0,(anonymous_44)
FNDA:0,(anonymous_45)
FNDA:0,(anonymous_46)
FNDA:0,(anonymous_47)
FNDA:0,getServerSideProps
FNDA:0,(anonymous_49)
DA:36,0
DA:38,0
DA:39,0
DA:40,0
DA:41,0
DA:42,0
DA:43,0
DA:44,0
DA:45,0
DA:46,0
DA:47,0
DA:48,0
DA:49,0
DA:50,0
DA:51,0
DA:52,0
DA:54,0
DA:64,0
DA:65,0
DA:68,0
DA:70,0
DA:72,0
DA:73,0
DA:76,0
DA:77,0
DA:78,0
DA:81,0
DA:82,0
DA:84,0
DA:85,0
DA:90,0
DA:93,0
DA:95,0
DA:96,0
DA:99,0
DA:100,0
DA:102,0
DA:103,0
DA:104,0
DA:107,0
DA:108,0
DA:113,0
DA:123,0
DA:133,0
DA:141,0
DA:156,0
DA:166,0
DA:179,0
DA:185,0
DA:194,0
DA:195,0
DA:206,0
DA:208,0
DA:212,0
DA:213,0
DA:214,0
DA:215,0
DA:216,0
DA:217,0
DA:218,0
DA:219,0
DA:220,0
DA:221,0
DA:224,0
DA:225,0
DA:227,0
DA:228,0
DA:229,0
DA:230,0
DA:231,0
DA:232,0
DA:233,0
DA:234,0
DA:235,0
DA:238,0
DA:239,0
DA:245,0
DA:246,0
DA:251,0
DA:252,0
DA:255,0
DA:256,0
DA:257,0
DA:258,0
DA:261,0
DA:262,0
DA:273,0
DA:274,0
DA:275,0
DA:276,0
DA:277,0
DA:278,0
DA:280,0
DA:284,0
DA:285,0
DA:286,0
DA:287,0
DA:288,0
DA:289,0
DA:291,0
DA:295,0
DA:296,0
DA:297,0
DA:298,0
DA:299,0
DA:300,0
DA:302,0
DA:306,0
DA:307,0
DA:308,0
DA:309,0
DA:310,0
DA:311,0
DA:313,0
DA:317,0
DA:318,0
DA:319,0
DA:320,0
DA:321,0
DA:322,0
DA:324,0
DA:329,0
DA:331,0
DA:332,0
DA:334,0
DA:336,0
DA:339,0
DA:341,0
DA:345,0
DA:346,0
DA:349,0
DA:350,0
DA:351,0
DA:354,0
DA:355,0
DA:356,0
DA:357,0
DA:358,0
DA:361,0
DA:364,0
DA:367,0
DA:370,0
DA:371,0
DA:375,0
DA:385,0
DA:388,0
DA:389,0
DA:395,0
DA:399,0
DA:402,0
DA:403,0
DA:406,0
DA:410,0
DA:412,0
DA:413,0
DA:414,0
DA:416,0
DA:417,0
DA:418,0
DA:419,0
DA:421,0
DA:425,0
DA:426,0
DA:427,0
DA:433,0
DA:434,0
DA:438,0
DA:442,0
DA:483,0
DA:489,0
DA:491,0
DA:492,0
DA:522,0
DA:532,0
DA:542,0
DA:552,0
DA:562,0
DA:572,0
DA:582,0
DA:593,0
DA:595,0
DA:597,0
DA:598,0
DA:599,0
DA:602,0
DA:603,0
DA:605,0
LF:187
LH:0
BRDA:41,0,0,0
BRDA:41,0,1,0
BRDA:70,1,0,0
BRDA:70,1,1,0
BRDA:95,2,0,0
BRDA:95,2,1,0
BRDA:99,3,0,0
BRDA:99,3,1,0
BRDA:257,4,0,0
BRDA:257,4,1,0
BRDA:274,5,0,0
BRDA:274,5,1,0
BRDA:274,6,0,0
BRDA:274,6,1,0
BRDA:274,6,2,0
BRDA:276,7,0,0
BRDA:276,7,1,0
BRDA:285,8,0,0
BRDA:285,8,1,0
BRDA:285,9,0,0
BRDA:285,9,1,0
BRDA:285,9,2,0
BRDA:287,10,0,0
BRDA:287,10,1,0
BRDA:296,11,0,0
BRDA:296,11,1,0
BRDA:296,12,0,0
BRDA:296,12,1,0
BRDA:296,12,2,0
BRDA:298,13,0,0
BRDA:298,13,1,0
BRDA:307,14,0,0
BRDA:307,14,1,0
BRDA:307,15,0,0
BRDA:307,15,1,0
BRDA:307,15,2,0
BRDA:309,16,0,0
BRDA:309,16,1,0
BRDA:318,17,0,0
BRDA:318,17,1,0
BRDA:318,18,0,0
BRDA:318,18,1,0
BRDA:318,18,2,0
BRDA:320,19,0,0
BRDA:320,19,1,0
BRDA:331,20,0,0
BRDA:331,20,1,0
BRDA:332,21,0,0
BRDA:332,21,1,0
BRDA:355,22,0,0
BRDA:355,22,1,0
BRDA:410,23,0,0
BRDA:410,23,1,0
BRDA:412,24,0,0
BRDA:412,24,1,0
BRDA:417,25,0,0
BRDA:417,25,1,0
BRDA:426,26,0,0
BRDA:426,26,1,0
BRDA:483,27,0,0
BRDA:483,27,1,0
BRDA:500,28,0,0
BRDA:500,28,1,0
BRDA:603,29,0,0
BRDA:603,29,1,0
BRF:65
BRH:0
end_of_record
TN:
SF:pages/category/manage.tsx
FN:39,(anonymous_0)
FN:62,(anonymous_1)
FN:66,(anonymous_2)
FN:74,(anonymous_3)
FN:79,(anonymous_4)
FN:91,(anonymous_5)
FN:100,(anonymous_6)
FN:111,(anonymous_7)
FN:119,(anonymous_8)
FN:127,(anonymous_9)
FN:137,(anonymous_10)
FN:147,(anonymous_11)
FN:157,(anonymous_12)
FN:163,(anonymous_13)
FN:172,(anonymous_14)
FN:186,(anonymous_15)
FN:191,(anonymous_16)
FN:201,(anonymous_17)
FN:213,(anonymous_18)
FN:219,(anonymous_19)
FN:226,(anonymous_20)
FN:230,(anonymous_21)
FN:236,(anonymous_22)
FN:285,(anonymous_23)
FN:289,(anonymous_24)
FN:294,(anonymous_25)
FN:298,(anonymous_26)
FN:304,(anonymous_27)
FN:304,(anonymous_28)
FN:310,(anonymous_29)
FN:325,(anonymous_30)
FN:329,(anonymous_31)
FN:339,(anonymous_32)
FN:343,(anonymous_33)
FN:346,(anonymous_34)
FN:363,(anonymous_35)
FN:370,(anonymous_36)
FN:396,(anonymous_37)
FN:427,(anonymous_38)
FN:433,(anonymous_39)
FN:434,(anonymous_40)
FN:466,(anonymous_41)
FN:476,(anonymous_42)
FN:486,(anonymous_43)
FN:496,(anonymous_44)
FN:506,(anonymous_45)
FN:516,getServerSideProps
FN:521,(anonymous_47)
FNF:48
FNH:0
FNDA:0,(anonymous_0)
FNDA:0,(anonymous_1)
FNDA:0,(anonymous_2)
FNDA:0,(anonymous_3)
FNDA:0,(anonymous_4)
FNDA:0,(anonymous_5)
FNDA:0,(anonymous_6)
FNDA:0,(anonymous_7)
FNDA:0,(anonymous_8)
FNDA:0,(anonymous_9)
FNDA:0,(anonymous_10)
FNDA:0,(anonymous_11)
FNDA:0,(anonymous_12)
FNDA:0,(anonymous_13)
FNDA:0,(anonymous_14)
FNDA:0,(anonymous_15)
FNDA:0,(anonymous_16)
FNDA:0,(anonymous_17)
FNDA:0,(anonymous_18)
FNDA:0,(anonymous_19)
FNDA:0,(anonymous_20)
FNDA:0,(anonymous_21)
FNDA:0,(anonymous_22)
FNDA:0,(anonymous_23)
FNDA:0,(anonymous_24)
FNDA:0,(anonymous_25)
FNDA:0,(anonymous_26)
FNDA:0,(anonymous_27)
FNDA:0,(anonymous_28)
FNDA:0,(anonymous_29)
FNDA:0,(anonymous_30)
FNDA:0,(anonymous_31)
FNDA:0,(anonymous_32)
FNDA:0,(anonymous_33)
FNDA:0,(anonymous_34)
FNDA:0,(anonymous_35)
FNDA:0,(anonymous_36)
FNDA:0,(anonymous_37)
FNDA:0,(anonymous_38)
FNDA:0,(anonymous_39)
FNDA:0,(anonymous_40)
FNDA:0,(anonymous_41)
FNDA:0,(anonymous_42)
FNDA:0,(anonymous_43)
FNDA:0,(anonymous_44)
FNDA:0,(anonymous_45)
FNDA:0,getServerSideProps
FNDA:0,(anonymous_47)
DA:37,0
DA:39,0
DA:40,0
DA:41,0
DA:42,0
DA:43,0
DA:44,0
DA:45,0
DA:46,0
DA:47,0
DA:48,0
DA:49,0
DA:50,0
DA:51,0
DA:52,0
DA:54,0
DA:62,0
DA:63,0
DA:66,0
DA:68,0
DA:70,0
DA:71,0
DA:74,0
DA:75,0
DA:76,0
DA:79,0
DA:80,0
DA:82,0
DA:83,0
DA:88,0
DA:91,0
DA:93,0
DA:94,0
DA:97,0
DA:98,0
DA:100,0
DA:101,0
DA:102,0
DA:105,0
DA:106,0
DA:111,0
DA:119,0
DA:127,0
DA:137,0
DA:147,0
DA:158,0
DA:164,0
DA:173,0
DA:174,0
DA:185,0
DA:187,0
DA:191,0
DA:192,0
DA:193,0
DA:194,0
DA:195,0
DA:196,0
DA:197,0
DA:198,0
DA:201,0
DA:202,0
DA:204,0
DA:205,0
DA:206,0
DA:207,0
DA:208,0
DA:209,0
DA:210,0
DA:213,0
DA:214,0
DA:220,0
DA:221,0
DA:226,0
DA:227,0
DA:230,0
DA:231,0
DA:232,0
DA:233,0
DA:236,0
DA:237,0
DA:246,0
DA:247,0
DA:248,0
DA:249,0
DA:250,0
DA:251,0
DA:253,0
DA:257,0
DA:258,0
DA:259,0
DA:260,0
DA:261,0
DA:262,0
DA:264,0
DA:269,0
DA:271,0
DA:272,0
DA:274,0
DA:276,0
[...]
BRDA:231,37,1,2
BRDA:235,38,0,0
BRDA:235,38,1,2
BRDA:235,39,0,2
BRDA:235,39,1,0
BRDA:239,40,0,0
BRDA:239,40,1,2
BRDA:242,41,0,0
BRDA:242,41,1,2
BRDA:242,42,0,2
BRDA:242,42,1,0
BRDA:245,43,0,0
BRDA:245,43,1,2
BRDA:245,44,0,2
BRDA:245,44,1,0
BRDA:248,45,0,0
BRDA:248,45,1,2
BRDA:248,46,0,2
BRDA:248,46,1,2
BRDA:251,47,0,0
BRDA:251,47,1,2
BRDA:251,48,0,2
BRDA:251,48,1,1
BRDA:254,49,0,0
BRDA:254,49,1,2
BRDA:254,50,0,2
BRDA:254,50,1,0
BRDA:257,51,0,0
BRDA:257,51,1,2
BRDA:257,52,0,2
BRDA:257,52,1,0
BRDA:260,53,0,0
BRDA:260,53,1,2
BRDA:260,54,0,2
BRDA:260,54,1,0
BRDA:271,55,0,1
BRDA:271,55,1,1
BRDA:276,56,0,0
BRDA:276,56,1,1
BRDA:300,57,0,1
BRDA:300,57,1,1
BRDA:305,58,0,0
BRDA:305,58,1,1
BRDA:320,59,0,0
BRDA:320,59,1,0
BRDA:320,60,0,0
BRDA:320,60,1,0
BRDA:340,61,0,0
BRDA:340,61,1,0
BRDA:345,62,0,0
BRDA:345,62,1,0
BRF:122
BRH:54
end_of_record
TN:
SF:server/modules/order/schema.js
FNF:0
FNH:0
DA:1,0
LF:1
LH:0
BRF:0
BRH:0
end_of_record
TN:
SF:server/modules/order_item/resolver.js
FN:7,(anonymous_0)
FN:29,(anonymous_1)
FN:50,(anonymous_2)
FN:57,(anonymous_3)
FN:65,(anonymous_4)
FN:74,(anonymous_5)
FN:111,(anonymous_6)
FN:149,(anonymous_7)
FN:156,(anonymous_8)
FN:176,(anonymous_9)
FN:178,(anonymous_10)
FN:191,(anonymous_11)
FN:246,(anonymous_12)
FN:275,(anonymous_13)
FN:282,(anonymous_14)
FN:290,(anonymous_15)
FN:303,(anonymous_16)
FNF:17
FNH:0
FNDA:0,(anonymous_0)
FNDA:0,(anonymous_1)
FNDA:0,(anonymous_2)
FNDA:0,(anonymous_3)
FNDA:0,(anonymous_4)
FNDA:0,(anonymous_5)
FNDA:0,(anonymous_6)
FNDA:0,(anonymous_7)
FNDA:0,(anonymous_8)
FNDA:0,(anonymous_9)
FNDA:0,(anonymous_10)
FNDA:0,(anonymous_11)
FNDA:0,(anonymous_12)
FNDA:0,(anonymous_13)
FNDA:0,(anonymous_14)
FNDA:0,(anonymous_15)
FNDA:0,(anonymous_16)
DA:1,0
DA:2,0
DA:3,0
DA:5,0
DA:8,0
DA:9,0
DA:11,0
DA:12,0
DA:13,0
DA:15,0
DA:17,0
DA:18,0
DA:19,0
DA:21,0
DA:23,0
DA:24,0
DA:30,0
DA:31,0
DA:33,0
DA:36,0
DA:38,0
DA:39,0
DA:42,0
DA:44,0
DA:45,0
DA:51,0
DA:52,0
DA:53,0
DA:57,0
DA:59,0
DA:62,0
DA:65,0
DA:66,0
DA:68,0
DA:69,0
DA:75,0
DA:76,0
DA:81,0
DA:82,0
DA:84,0
DA:85,0
DA:86,0
DA:87,0
DA:88,0
DA:89,0
DA:92,0
DA:93,0
DA:95,0
DA:97,0
DA:99,0
DA:100,0
DA:101,0
DA:103,0
DA:105,0
DA:106,0
DA:112,0
DA:113,0
DA:114,0
DA:115,0
DA:116,0
DA:118,0
DA:119,0
DA:121,0
DA:122,0
DA:123,0
DA:126,0
DA:127,0
DA:129,0
DA:131,0
DA:132,0
DA:135,0
DA:136,0
DA:137,0
DA:138,0
DA:141,0
DA:143,0
DA:144,0
DA:150,0
DA:151,0
DA:152,0
DA:156,0
DA:157,0
DA:158,0
DA:159,0
DA:160,0
DA:161,0
DA:163,0
DA:164,0
DA:166,0
DA:167,0
DA:168,0
DA:170,0
DA:172,0
DA:176,0
DA:177,0
DA:178,0
DA:180,0
DA:182,0
DA:183,0
DA:185,0
DA:186,0
DA:192,0
DA:193,0
DA:195,0
DA:196,0
DA:199,0
DA:200,0
DA:201,0
DA:203,0
DA:204,0
DA:205,0
DA:207,0
DA:208,0
DA:210,0
DA:211,0
DA:213,0
DA:214,0
DA:215,0
DA:217,0
DA:218,0
DA:221,0
DA:222,0
DA:224,0
DA:226,0
DA:228,0
DA:229,0
DA:233,0
DA:234,0
DA:235,0
DA:238,0
DA:240,0
DA:241,0
DA:247,0
DA:248,0
DA:250,0
DA:251,0
DA:253,0
DA:255,0
DA:257,0
DA:258,0
DA:262,0
DA:263,0
DA:264,0
DA:267,0
DA:269,0
DA:270,0
DA:276,0
DA:277,0
DA:278,0
DA:282,0
DA:283,0
DA:284,0
DA:286,0
DA:290,0
DA:291,0
DA:293,0
DA:295,0
DA:297,0
DA:298,0
DA:302,0
DA:303,0
DA:304,0
DA:306,0
DA:309,0
DA:311,0
DA:312,0
LF:166
LH:0
BRDA:7,0,0,0
BRDA:7,1,0,0
BRDA:18,2,0,0
BRDA:18,2,1,0
BRDA:18,3,0,0
BRDA:18,3,1,0
BRDA:38,4,0,0
BRDA:38,4,1,0
BRDA:52,5,0,0
BRDA:52,5,1,0
BRDA:52,6,0,0
BRDA:52,6,1,0
BRDA:65,7,0,0
BRDA:65,7,1,0
BRDA:74,8,0,0
BRDA:74,9,0,0
BRDA:74,10,0,0
BRDA:85,11,0,0
BRDA:85,11,1,0
BRDA:85,12,0,0
BRDA:85,12,1,0
BRDA:100,13,0,0
BRDA:100,13,1,0
BRDA:100,14,0,0
BRDA:100,14,1,0
BRDA:115,15,0,0
BRDA:115,15,1,0
BRDA:118,16,0,0
BRDA:118,16,1,0
BRDA:122,17,0,0
BRDA:122,17,1,0
BRDA:135,18,0,0
BRDA:135,18,1,0
BRDA:135,19,0,0
BRDA:135,19,1,0
BRDA:151,20,0,0
BRDA:151,20,1,0
BRDA:151,21,0,0
BRDA:151,21,1,0
BRDA:160,22,0,0
BRDA:160,22,1,0
BRDA:163,23,0,0
BRDA:163,23,1,0
BRDA:167,24,0,0
BRDA:167,24,1,0
BRDA:195,25,0,0
BRDA:195,25,1,0
BRDA:200,26,0,0
BRDA:200,26,1,0
BRDA:204,27,0,0
BRDA:204,27,1,0
BRDA:207,28,0,0
BRDA:207,28,1,0
BRDA:207,29,0,0
BRDA:207,29,1,0
BRDA:210,30,0,0
BRDA:210,30,1,0
BRDA:210,31,0,0
BRDA:210,31,1,0
BRDA:214,32,0,0
BRDA:214,32,1,0
BRDA:217,33,0,0
BRDA:217,33,1,0
BRDA:217,34,0,0
BRDA:217,34,1,0
BRDA:228,35,0,0
BRDA:228,35,1,0
BRDA:233,36,0,0
BRDA:233,36,1,0
BRDA:257,37,0,0
BRDA:257,37,1,0
BRDA:262,38,0,0
BRDA:262,38,1,0
BRDA:277,39,0,0
BRDA:277,39,1,0
BRDA:277,40,0,0
BRDA:277,40,1,0
BRDA:297,41,0,0
BRDA:297,41,1,0
BRDA:302,42,0,0
BRDA:302,42,1,0
BRF:81
BRH:0
end_of_record
TN:
SF:server/modules/order_item/schema.js
FNF:0
FNH:0
DA:1,0
LF:1
LH:0
BRF:0
BRH:0
end_of_record
TN:
SF:server/modules/payment/resolver.js
FN:7,(anonymous_0)
FN:29,(anonymous_1)
FN:50,(anonymous_2)
FN:57,(anonymous_3)
FN:65,(anonymous_4)
FN:74,(anonymous_5)
FN:118,(anonymous_6)
FN:160,(anonymous_7)
FN:167,(anonymous_8)
FN:191,(anonymous_9)
FN:193,(anonymous_10)
FN:206,(anonymous_11)
FN:259,(anonymous_12)
FN:288,(anonymous_13)
FN:295,(anonymous_14)
FN:303,(anonymous_15)
FN:316,(anonymous_16)
FNF:17
FNH:0
FNDA:0,(anonymous_0)
FNDA:0,(anonymous_1)
FNDA:0,(anonymous_2)
FNDA:0,(anonymous_3)
FNDA:0,(anonymous_4)
FNDA:0,(anonymous_5)
FNDA:0,(anonymous_6)
FNDA:0,(anonymous_7)
FNDA:0,(anonymous_8)
FNDA:0,(anonymous_9)
FNDA:0,(anonymous_10)
FNDA:0,(anonymous_11)
FNDA:0,(anonymous_12)
FNDA:0,(anonymous_13)
FNDA:0,(anonymous_14)
FNDA:0,(anonymous_15)
FNDA:0,(anonymous_16)
DA:1,0
DA:2,0
DA:3,0
DA:5,0
DA:8,0
DA:9,0
DA:11,0
DA:12,0
DA:13,0
DA:15,0
DA:17,0
DA:18,0
DA:19,0
DA:21,0
DA:23,0
DA:24,0
DA:30,0
DA:31,0
DA:33,0
DA:36,0
DA:38,0
DA:39,0
DA:42,0
DA:44,0
DA:45,0
DA:51,0
DA:52,0
DA:53,0
DA:57,0
DA:59,0
DA:62,0
DA:65,0
DA:66,0
DA:68,0
DA:69,0
DA:75,0
DA:76,0
DA:81,0
DA:82,0
DA:84,0
DA:85,0
DA:86,0
DA:87,0
DA:88,0
DA:89,0
DA:92,0
DA:93,0
DA:94,0
DA:95,0
DA:96,0
DA:99,0
DA:100,0
DA:102,0
DA:104,0
DA:106,0
DA:107,0
DA:108,0
DA:110,0
DA:112,0
DA:113,0
DA:119,0
DA:120,0
DA:121,0
DA:122,0
DA:124,0
DA:125,0
DA:127,0
DA:128,0
DA:130,0
DA:131,0
DA:133,0
DA:134,0
DA:137,0
DA:138,0
DA:140,0
DA:142,0
DA:143,0
DA:146,0
DA:147,0
DA:148,0
DA:149,0
DA:152,0
DA:154,0
DA:155,0
DA:161,0
DA:162,0
DA:163,0
DA:167,0
DA:168,0
DA:169,0
DA:170,0
DA:171,0
DA:173,0
DA:174,0
DA:176,0
DA:177,0
DA:179,0
DA:180,0
DA:182,0
DA:183,0
DA:185,0
DA:187,0
DA:191,0
DA:192,0
DA:193,0
DA:195,0
DA:197,0
DA:198,0
DA:200,0
DA:201,0
DA:207,0
DA:208,0
DA:210,0
DA:211,0
DA:214,0
DA:215,0
DA:216,0
DA:218,0
DA:219,0
DA:221,0
DA:222,0
DA:224,0
DA:225,0
DA:227,0
DA:228,0
DA:230,0
DA:231,0
DA:234,0
DA:235,0
DA:237,0
DA:239,0
DA:241,0
DA:242,0
DA:246,0
DA:247,0
DA:248,0
DA:251,0
DA:253,0
DA:254,0
DA:260,0
DA:261,0
DA:263,0
DA:264,0
DA:266,0
DA:268,0
DA:270,0
DA:271,0
DA:275,0
DA:276,0
DA:277,0
DA:280,0
DA:282,0
DA:283,0
DA:289,0
DA:290,0
DA:291,0
DA:295,0
DA:296,0
DA:297,0
DA:299,0
DA:303,0
DA:304,0
DA:306,0
DA:308,0
DA:310,0
DA:311,0
DA:315,0
DA:316,0
DA:317,0
DA:319,0
DA:322,0
DA:324,0
DA:325,0
LF:173
LH:0
BRDA:7,0,0,0
BRDA:7,1,0,0
BRDA:18,2,0,0
BRDA:18,2,1,0
BRDA:18,3,0,0
BRDA:18,3,1,0
BRDA:38,4,0,0
BRDA:38,4,1,0
BRDA:52,5,0,0
BRDA:52,5,1,0
BRDA:52,6,0,0
BRDA:52,6,1,0
BRDA:65,7,0,0
BRDA:65,7,1,0
BRDA:74,8,0,0
BRDA:74,9,0,0
BRDA:74,10,0,0
BRDA:85,11,0,0
BRDA:85,11,1,0
BRDA:85,12,0,0
BRDA:85,12,1,0
BRDA:92,13,0,0
BRDA:92,13,1,0
BRDA:92,14,0,0
BRDA:92,14,1,0
BRDA:107,15,0,0
BRDA:107,15,1,0
BRDA:107,16,0,0
BRDA:107,16,1,0
BRDA:121,17,0,0
BRDA:121,17,1,0
BRDA:124,18,0,0
BRDA:124,18,1,0
BRDA:127,19,0,0
BRDA:127,19,1,0
BRDA:130,20,0,0
BRDA:130,20,1,0
BRDA:133,21,0,0
BRDA:133,21,1,0
BRDA:146,22,0,0
BRDA:146,22,1,0
BRDA:146,23,0,0
BRDA:146,23,1,0
BRDA:162,24,0,0
BRDA:162,24,1,0
BRDA:162,25,0,0
BRDA:162,25,1,0
BRDA:170,26,0,0
BRDA:170,26,1,0
BRDA:173,27,0,0
BRDA:173,27,1,0
BRDA:176,28,0,0
BRDA:176,28,1,0
BRDA:179,29,0,0
BRDA:179,29,1,0
BRDA:182,30,0,0
BRDA:182,30,1,0
BRDA:210,31,0,0
BRDA:210,31,1,0
BRDA:215,32,0,0
BRDA:215,32,1,0
BRDA:218,33,0,0
BRDA:218,33,1,0
BRDA:218,34,0,0
BRDA:218,34,1,0
BRDA:221,35,0,0
BRDA:221,35,1,0
BRDA:221,36,0,0
BRDA:221,36,1,0
BRDA:224,37,0,0
BRDA:224,37,1,0
BRDA:224,38,0,0
BRDA:224,38,1,0
BRDA:227,39,0,0
BRDA:227,39,1,0
BRDA:227,40,0,0
BRDA:227,40,1,0
BRDA:230,41,0,0
BRDA:230,41,1,0
BRDA:230,42,0,0
BRDA:230,42,1,0
BRDA:241,43,0,0
BRDA:241,43,1,0
BRDA:246,44,0,0
BRDA:246,44,1,0
BRDA:270,45,0,0
BRDA:270,45,1,0
BRDA:275,46,0,0
BRDA:275,46,1,0
BRDA:290,47,0,0
BRDA:290,47,1,0
BRDA:290,48,0,0
BRDA:290,48,1,0
BRDA:310,49,0,0
BRDA:310,49,1,0
BRDA:315,50,0,0
BRDA:315,50,1,0
BRF:97
BRH:0
end_of_record
TN:
SF:server/modules/payment/schema.js
FNF:0
FNH:0
DA:1,0
LF:1
LH:0
BRF:0
BRH:0
end_of_record
TN:
SF:server/modules/product/resolver.js
FN:7,(anonymous_0)
FN:29,(anonymous_1)
FN:50,(anonymous_2)
FN:57,(anonymous_3)
FN:65,(anonymous_4)
FN:74,(anonymous_5)
FN:138,(anonymous_6)
FN:176,(anonymous_7)
FN:183,(anonymous_8)
FN:203,(anonymous_9)
FN:205,(anonymous_10)
FN:218,(anonymous_11)
FN:273,(anonymous_12)
FN:302,(anonymous_13)
FN:309,(anonymous_14)
FN:317,(anonymous_15)
FN:330,(anonymous_16)
FNF:17
FNH:0
FNDA:0,(anonymous_0)
FNDA:0,(anonymous_1)
FNDA:0,(anonymous_2)
FNDA:0,(anonymous_3)
FNDA:0,(anonymous_4)
FNDA:0,(anonymous_5)
FNDA:0,(anonymous_6)
FNDA:0,(anonymous_7)
FNDA:0,(anonymous_8)
FNDA:0,(anonymous_9)
FNDA:0,(anonymous_10)
FNDA:0,(anonymous_11)
FNDA:0,(anonymous_12)
FNDA:0,(anonymous_13)
FNDA:0,(anonymous_14)
FNDA:0,(anonymous_15)
FNDA:0,(anonymous_16)
DA:1,0
DA:2,0
DA:3,0
DA:5,0
DA:8,0
DA:9,0
DA:11,0
DA:12,0
DA:13,0
DA:15,0
DA:17,0
DA:18,0
DA:19,0
DA:21,0
DA:23,0
DA:24,0
DA:30,0
DA:31,0
DA:33,0
DA:36,0
DA:38,0
DA:39,0
DA:42,0
DA:44,0
DA:45,0
DA:51,0
DA:52,0
DA:53,0
DA:57,0
DA:59,0
DA:62,0
DA:65,0
DA:66,0
DA:68,0
DA:69,0
DA:75,0
DA:76,0
DA:79,0
DA:80,0
DA:82,0
DA:84,0
DA:87,0
DA:88,0
DA:89,0
DA:90,0
DA:92,0
DA:97,0
DA:103,0
DA:104,0
DA:106,0
DA:107,0
DA:108,0
DA:109,0
DA:110,0
DA:111,0
DA:113,0
DA:114,0
DA:115,0
DA:116,0
DA:119,0
DA:120,0
DA:122,0
DA:124,0
DA:126,0
DA:127,0
DA:128,0
DA:130,0
DA:132,0
DA:133,0
DA:139,0
DA:140,0
DA:141,0
DA:143,0
DA:144,0
DA:146,0
DA:147,0
DA:148,0
DA:149,0
DA:150,0
DA:153,0
DA:154,0
DA:156,0
DA:158,0
DA:159,0
DA:162,0
DA:163,0
DA:164,0
DA:165,0
DA:168,0
DA:170,0
DA:171,0
DA:177,0
DA:178,0
DA:179,0
DA:183,0
DA:184,0
DA:185,0
DA:186,0
DA:188,0
DA:189,0
DA:191,0
DA:192,0
DA:193,0
DA:194,0
DA:195,0
DA:197,0
DA:199,0
DA:203,0
DA:204,0
DA:205,0
DA:207,0
DA:209,0
DA:210,0
DA:212,0
DA:213,0
DA:219,0
DA:220,0
DA:222,0
DA:223,0
DA:226,0
DA:227,0
DA:229,0
DA:230,0
DA:232,0
DA:233,0
DA:234,0
DA:236,0
DA:237,0
DA:238,0
DA:240,0
DA:241,0
DA:242,0
DA:244,0
DA:245,0
DA:248,0
DA:249,0
DA:251,0
DA:253,0
DA:255,0
DA:256,0
DA:260,0
DA:261,0
DA:262,0
DA:265,0
DA:267,0
DA:268,0
DA:274,0
DA:275,0
DA:277,0
DA:278,0
DA:280,0
DA:282,0
DA:284,0
DA:285,0
DA:289,0
DA:290,0
DA:291,0
DA:294,0
DA:296,0
DA:297,0
DA:303,0
DA:304,0
DA:305,0
DA:309,0
DA:310,0
DA:311,0
DA:313,0
DA:317,0
DA:318,0
DA:320,0
DA:322,0
DA:324,0
DA:325,0
DA:329,0
DA:330,0
DA:331,0
DA:333,0
DA:336,0
DA:338,0
DA:339,0
LF:180
LH:0
BRDA:7,0,0,0
BRDA:7,1,0,0
BRDA:18,2,0,0
BRDA:18,2,1,0
BRDA:18,3,0,0
BRDA:18,3,1,0
BRDA:38,4,0,0
BRDA:38,4,1,0
BRDA:52,5,0,0
BRDA:52,5,1,0
BRDA:52,6,0,0
BRDA:52,6,1,0
BRDA:65,7,0,0
BRDA:65,7,1,0
BRDA:74,8,0,0
BRDA:74,9,0,0
BRDA:74,10,0,0
BRDA:79,11,0,0
BRDA:79,11,1,0
BRDA:79,12,0,0
BRDA:79,12,1,0
BRDA:107,13,0,0
BRDA:107,13,1,0
BRDA:107,14,0,0
BRDA:107,14,1,0
BRDA:113,15,0,0
BRDA:113,15,1,0
BRDA:127,16,0,0
BRDA:127,16,1,0
BRDA:127,17,0,0
BRDA:127,17,1,0
BRDA:140,18,0,0
BRDA:140,18,1,0
BRDA:143,19,0,0
BRDA:143,19,1,0
BRDA:149,20,0,0
BRDA:149,20,1,0
BRDA:162,21,0,0
BRDA:162,21,1,0
BRDA:162,22,0,0
BRDA:162,22,1,0
BRDA:178,23,0,0
BRDA:178,23,1,0
BRDA:178,24,0,0
BRDA:178,24,1,0
BRDA:185,25,0,0
BRDA:185,25,1,0
BRDA:188,26,0,0
BRDA:188,26,1,0
BRDA:194,27,0,0
BRDA:194,27,1,0
BRDA:222,28,0,0
BRDA:222,28,1,0
BRDA:226,29,0,0
BRDA:226,29,1,0
BRDA:226,30,0,0
BRDA:226,30,1,0
BRDA:229,31,0,0
BRDA:229,31,1,0
BRDA:229,32,0,0
BRDA:229,32,1,0
BRDA:233,33,0,0
BRDA:233,33,1,0
BRDA:237,34,0,0
BRDA:237,34,1,0
BRDA:241,35,0,0
BRDA:241,35,1,0
BRDA:244,36,0,0
BRDA:244,36,1,0
BRDA:244,37,0,0
BRDA:244,37,1,0
BRDA:255,38,0,0
BRDA:255,38,1,0
BRDA:260,39,0,0
BRDA:260,39,1,0
BRDA:284,40,0,0
BRDA:284,40,1,0
BRDA:289,41,0,0
BRDA:289,41,1,0
BRDA:304,42,0,0
BRDA:304,42,1,0
BRDA:304,43,0,0
BRDA:304,43,1,0
BRDA:324,44,0,0
BRDA:324,44,1,0
BRDA:329,45,0,0
BRDA:329,45,1,0
BRF:87
BRH:0
end_of_record
TN:
SF:server/modules/product/schema.js
FNF:0
FNH:0
DA:1,0
LF:1
LH:0
BRF:0
BRH:0
end_of_record
TN:
SF:server/modules/user/resolver.js
FN:8,(anonymous_0)
FN:42,(anonymous_1)
FN:64,(anonymous_2)
FN:85,(anonymous_3)
FN:92,(anonymous_4)
FN:100,(anonymous_5)
FN:109,(anonymous_6)
FN:160,(anonymous_7)
FN:198,(anonymous_8)
FN:205,(anonymous_9)
FN:225,(anonymous_10)
FN:227,(anonymous_11)
FN:240,(anonymous_12)
FN:286,(anonymous_13)
FN:315,(anonymous_14)
FN:322,(anonymous_15)
FN:330,(anonymous_16)
FN:343,(anonymous_17)
FNF:18
FNH:7
FNDA:4,(anonymous_0)
FNDA:1,(anonymous_1)
FNDA:2,(anonymous_2)
FNDA:0,(anonymous_3)
FNDA:0,(anonymous_4)
FNDA:0,(anonymous_5)
FNDA:1,(anonymous_6)
FNDA:2,(anonymous_7)
FNDA:0,(anonymous_8)
FNDA:0,(anonymous_9)
FNDA:0,(anonymous_10)
FNDA:0,(anonymous_11)
FNDA:2,(anonymous_12)
FNDA:2,(anonymous_13)
FNDA:0,(anonymous_14)
FNDA:0,(anonymous_15)
FNDA:0,(anonymous_16)
FNDA:0,(anonymous_17)
DA:1,1
DA:2,1
DA:3,1
DA:4,1
DA:6,1
DA:9,4
DA:10,4
DA:11,0
DA:14,4
DA:15,4
DA:17,4
DA:18,1
DA:21,3
DA:23,3
DA:24,1
DA:28,2
DA:29,2
DA:30,1
DA:34,1
DA:36,3
DA:37,3
DA:43,1
DA:44,1
DA:46,1
DA:47,1
DA:48,1
DA:50,1
DA:52,1
DA:53,1
DA:54,1
DA:56,1
DA:58,0
DA:59,0
DA:65,2
DA:66,2
DA:68,2
DA:71,2
DA:73,2
DA:74,1
DA:77,1
DA:79,1
DA:80,1
DA:86,0
DA:87,0
DA:88,0
DA:92,0
DA:94,0
DA:97,0
DA:100,0
DA:101,0
DA:103,0
DA:104,0
DA:110,1
DA:111,1
DA:116,1
DA:117,1
DA:119,1
DA:120,1
DA:121,1
DA:122,1
DA:123,1
DA:124,1
DA:127,1
DA:128,0
DA:129,0
DA:130,0
DA:131,0
DA:134,1
DA:135,0
DA:136,0
DA:137,0
DA:138,0
DA:141,1
DA:142,1
DA:144,1
DA:146,1
DA:148,1
DA:149,1
DA:150,1
DA:152,1
DA:154,0
DA:155,0
DA:161,2
DA:162,2
DA:163,1
DA:165,1
DA:166,0
DA:168,1
DA:169,0
DA:171,1
DA:172,0
DA:175,1
DA:176,1
DA:178,1
DA:180,1
DA:181,1
DA:184,1
DA:185,0
DA:186,0
DA:187,0
DA:190,1
DA:192,1
DA:193,1
DA:199,0
DA:200,0
DA:201,0
DA:205,0
DA:206,0
DA:207,0
DA:208,0
DA:210,0
DA:211,0
DA:213,0
DA:214,0
DA:216,0
DA:217,0
DA:219,0
DA:221,0
DA:225,0
DA:226,0
DA:227,0
DA:229,0
DA:231,0
DA:232,0
DA:234,0
DA:235,0
DA:241,2
DA:242,2
DA:244,2
DA:245,0
DA:248,2
DA:249,0
DA:251,2
DA:252,0
DA:254,2
DA:255,0
DA:257,2
DA:258,0
DA:261,2
DA:262,2
DA:264,2
DA:266,2
DA:268,2
DA:269,1
DA:273,1
DA:274,0
DA:275,0
DA:278,1
DA:280,1
DA:281,1
DA:287,2
DA:288,2
DA:290,2
DA:291,2
DA:293,2
DA:295,2
DA:297,2
DA:298,1
DA:302,1
DA:303,0
DA:304,0
DA:307,1
DA:309,1
DA:310,1
DA:316,0
DA:317,0
DA:318,0
DA:322,0
DA:323,0
DA:324,0
DA:326,0
DA:330,0
DA:331,0
DA:333,0
DA:335,0
DA:337,0
DA:338,0
DA:342,0
DA:343,0
DA:344,0
DA:346,0
DA:349,0
DA:351,0
DA:352,0
LF:184
LH:103
BRDA:10,0,0,0
BRDA:10,0,1,4
BRDA:10,1,0,4
BRDA:10,1,1,4
BRDA:17,2,0,1
BRDA:17,2,1,3
BRDA:17,3,0,4
BRDA:17,3,1,4
BRDA:23,4,0,1
BRDA:23,4,1,2
BRDA:29,5,0,1
BRDA:29,5,1,1
BRDA:42,6,0,0
BRDA:42,7,0,0
BRDA:53,8,0,1
BRDA:53,8,1,0
BRDA:53,9,0,1
BRDA:53,9,1,1
BRDA:73,10,0,1
BRDA:73,10,1,1
BRDA:87,11,0,0
BRDA:87,11,1,0
BRDA:87,12,0,0
BRDA:87,12,1,0
BRDA:100,13,0,0
BRDA:100,13,1,0
BRDA:109,14,0,0
BRDA:109,15,0,0
BRDA:109,16,0,0
BRDA:120,17,0,1
BRDA:120,17,1,0
BRDA:120,18,0,1
BRDA:120,18,1,1
BRDA:127,19,0,0
BRDA:127,19,1,1
BRDA:127,20,0,1
BRDA:127,20,1,0
BRDA:134,21,0,0
BRDA:134,21,1,1
BRDA:134,22,0,1
BRDA:134,22,1,0
BRDA:149,23,0,1
BRDA:149,23,1,0
BRDA:149,24,0,1
BRDA:149,24,1,1
BRDA:162,25,0,1
BRDA:162,25,1,1
BRDA:165,26,0,0
BRDA:165,26,1,1
BRDA:168,27,0,0
BRDA:168,27,1,1
BRDA:171,28,0,0
BRDA:171,28,1,1
BRDA:184,29,0,0
BRDA:184,29,1,1
BRDA:184,30,0,1
BRDA:184,30,1,1
BRDA:200,31,0,0
BRDA:200,31,1,0
BRDA:200,32,0,0
BRDA:200,32,1,0
BRDA:207,33,0,0
BRDA:207,33,1,0
BRDA:210,34,0,0
BRDA:210,34,1,0
BRDA:213,35,0,0
BRDA:213,35,1,0
BRDA:216,36,0,0
BRDA:216,36,1,0
BRDA:244,37,0,0
BRDA:244,37,1,2
BRDA:248,38,0,0
BRDA:248,38,1,2
BRDA:248,39,0,2
BRDA:248,39,1,0
BRDA:251,40,0,0
BRDA:251,40,1,2
BRDA:251,41,0,2
BRDA:251,41,1,0
BRDA:254,42,0,0
BRDA:254,42,1,2
BRDA:254,43,0,2
BRDA:254,43,1,2
BRDA:257,44,0,0
BRDA:257,44,1,2
BRDA:257,45,0,2
BRDA:257,45,1,0
BRDA:268,46,0,1
BRDA:268,46,1,1
BRDA:273,47,0,0
BRDA:273,47,1,1
BRDA:297,48,0,1
BRDA:297,48,1,1
BRDA:302,49,0,0
BRDA:302,49,1,1
BRDA:317,50,0,0
BRDA:317,50,1,0
BRDA:317,51,0,0
BRDA:317,51,1,0
BRDA:337,52,0,0
BRDA:337,52,1,0
BRDA:342,53,0,0
BRDA:342,53,1,0
BRF:103
BRH:50
end_of_record
TN:
SF:server/modules/user/schema.js
FNF:0
FNH:0
DA:1,0
LF:1
LH:0
BRF:0
BRH:0
end_of_record
TN:
SF:server/utils/common.js
FNF:0
FNH:0
DA:1,0
DA:3,0
DA:5,0
LF:3
LH:0
BRF:0
BRH:0
end_of_record
TN:
SF:server/utils/date-formatter.js
FN:7,(anonymous_0)
FN:57,(anonymous_1)
FN:61,(anonymous_2)
FN:73,(anonymous_3)
FNF:4
FNH:0
FNDA:0,(anonymous_0)
FNDA:0,(anonymous_1)
FNDA:0,(anonymous_2)
FNDA:0,(anonymous_3)
DA:7,0
DA:8,0
DA:9,0
DA:10,0
DA:12,0
DA:14,0
DA:15,0
DA:19,0
DA:21,0
DA:22,0
DA:23,0
DA:25,0
DA:26,0
DA:27,0
DA:28,0
DA:30,0
DA:31,0
DA:32,0
DA:33,0
DA:35,0
DA:41,0
DA:42,0
DA:43,0
DA:47,0
DA:48,0
DA:50,0
DA:53,0
DA:57,0
DA:58,0
DA:60,0
DA:61,0
DA:64,0
DA:65,0
DA:68,0
DA:73,0
DA:74,0
DA:75,0
DA:79,0
DA:82,0
DA:85,0
LF:40
LH:0
BRDA:8,0,0,0
BRDA:8,0,1,0
BRDA:9,1,0,0
BRDA:9,1,1,0
BRDA:12,2,0,0
BRDA:12,2,1,0
BRDA:14,3,0,0
BRDA:14,3,1,0
BRDA:14,4,0,0
BRDA:14,4,1,0
BRDA:23,5,0,0
BRDA:23,5,1,0
BRDA:28,6,0,0
BRDA:28,6,1,0
BRDA:42,7,0,0
BRDA:42,7,1,0
BRDA:47,8,0,0
BRDA:47,8,1,0
BRDA:58,9,0,0
BRDA:58,9,1,0
BRDA:60,10,0,0
BRDA:60,10,1,0
BRDA:64,11,0,0
BRDA:64,11,1,0
BRDA:64,12,0,0
BRDA:64,12,1,0
BRDA:74,13,0,0
BRDA:74,13,1,0
BRF:28
BRH:0
end_of_record
TN:
SF:server/utils/db-pool-manager.js
FN:5,(anonymous_0)
FN:10,(anonymous_1)
FN:31,(anonymous_2)
FN:32,(anonymous_3)
FN:45,(anonymous_4)
FN:46,(anonymous_5)
FN:47,(anonymous_6)
FN:51,(anonymous_7)
FNF:8
FNH:0
FNDA:0,(anonymous_0)
FNDA:0,(anonymous_1)
FNDA:0,(anonymous_2)
FNDA:0,(anonymous_3)
FNDA:0,(anonymous_4)
FNDA:0,(anonymous_5)
FNDA:0,(anonymous_6)
FNDA:0,(anonymous_7)
DA:2,0
DA:6,0
DA:11,0
DA:12,0
DA:13,0
DA:16,0
DA:18,0
DA:19,0
DA:23,0
DA:25,0
DA:26,0
DA:32,0
DA:33,0
DA:34,0
DA:35,0
DA:36,0
DA:37,0
DA:39,0
DA:40,0
DA:45,0
DA:46,0
DA:47,0
DA:52,0
DA:53,0
DA:54,0
DA:56,0
DA:62,0
DA:64,0
LF:28
LH:0
BRDA:11,0,0,0
BRDA:11,0,1,0
BRF:2
BRH:0
end_of_record
TN:
SF:server/utils/validation.js
FN:15,(anonymous_0)
FN:59,(anonymous_1)
FN:104,(anonymous_2)
FN:140,(anonymous_3)
FN:153,(anonymous_4)
FNF:5
FNH:3
FNDA:14,(anonymous_0)
FNDA:0,(anonymous_1)
FNDA:0,(anonymous_2)
FNDA:2,(anonymous_3)
FNDA:5,(anonymous_4)
DA:15,1
DA:16,14
DA:19,14
DA:20,2
DA:21,0
DA:23,2
DA:26,12
DA:29,12
DA:30,4
DA:31,4
DA:32,0
DA:37,12
DA:38,0
DA:42,12
DA:43,0
DA:46,12
DA:59,1
DA:60,0
DA:63,0
DA:64,0
DA:65,0
DA:67,0
DA:70,0
DA:73,0
DA:74,0
DA:75,0
DA:76,0
DA:81,0
DA:82,0
DA:86,0
DA:87,0
DA:90,0
DA:104,1
DA:105,0
DA:108,0
DA:109,0
DA:110,0
DA:112,0
DA:115,0
DA:118,0
DA:119,0
DA:122,0
DA:123,0
DA:127,0
DA:128,0
DA:131,0
DA:140,1
DA:141,2
DA:142,2
DA:144,2
DA:153,1
DA:154,5
DA:157,1
LF:53
LH:21
BRDA:15,0,0,5
BRDA:15,1,0,5
BRDA:16,2,0,5
BRDA:16,3,0,10
BRDA:16,4,0,9
BRDA:19,5,0,2
BRDA:19,5,1,12
BRDA:19,6,0,14
BRDA:19,6,1,12
BRDA:19,6,2,12
BRDA:20,7,0,0
BRDA:20,7,1,2
BRDA:29,8,0,4
BRDA:29,8,1,8
BRDA:31,9,0,0
BRDA:31,9,1,4
BRDA:37,10,0,0
BRDA:37,10,1,12
BRDA:42,11,0,0
BRDA:42,11,1,12
BRDA:42,12,0,12
BRDA:42,12,1,12
BRDA:59,13,0,0
BRDA:59,14,0,0
BRDA:60,15,0,0
BRDA:60,16,0,0
BRDA:60,17,0,0
BRDA:63,18,0,0
BRDA:63,18,1,0
BRDA:63,19,0,0
BRDA:63,19,1,0
BRDA:63,19,2,0
BRDA:64,20,0,0
BRDA:64,20,1,0
BRDA:73,21,0,0
BRDA:73,21,1,0
BRDA:75,22,0,0
BRDA:75,22,1,0
BRDA:81,23,0,0
BRDA:81,23,1,0
BRDA:86,24,0,0
BRDA:86,24,1,0
BRDA:86,25,0,0
BRDA:86,25,1,0
BRDA:104,26,0,0
BRDA:104,27,0,0
BRDA:105,28,0,0
BRDA:105,29,0,0
BRDA:105,30,0,0
BRDA:108,31,0,0
BRDA:108,31,1,0
BRDA:108,32,0,0
BRDA:108,32,1,0
BRDA:108,32,2,0
BRDA:109,33,0,0
BRDA:109,33,1,0
BRDA:118,34,0,0
BRDA:118,34,1,0
BRDA:122,35,0,0
BRDA:122,35,1,0
BRDA:127,36,0,0
BRDA:127,36,1,0
BRDA:127,37,0,0
BRDA:127,37,1,0
BRDA:141,38,0,2
BRDA:141,38,1,2
BRDA:142,39,0,2
BRDA:142,39,1,1
BRDA:153,40,0,5
BRF:69
BRH:23
end_of_record
